2020-12-25 09:25:41,798  - INFO - #######################################  ENDE #####################################################
2020-12-25 09:26:18,668  - INFO - CSV file/home/ich/Dokumente/Git/learnPython/Visa_import/src/KKB-Umsätze.csv opened
2020-12-25 09:26:18,668  - INFO - Gelesen Reihe: 0 : ['\ufeff"20201225"']
2020-12-25 09:26:18,669  - INFO - Gelesen Reihe: 1 : ['Kreditkartennummer (teilmaskiert)', 'Transaktionsdatum', 'Buchungsdatum', 'Händler (Name, Stadt & Land)', 'Umsatzkategorie', 'Betrag in Fremdwährung', 'Einheit Fremdwährung', 'Umrechnungskurs', 'Betrag in Euro', 'Amazon Punkte', 'Prime Punkte']
2020-12-25 09:26:18,669  - INFO - Gelesen Reihe: 2 : ['*3011', '24.12.2020', '', 'Lidl Vertriebs GmbH & C', 'Lebensmittelgeschäfte', '8,14', 'EUR', '1,0000', '8,14', '0', '0']
2020-12-25 09:26:18,669  - INFO - Gelesen Reihe: 3 : ['*3011', '23.12.2020', '', 'PAYPAL *ONLINEPETSB', 'Shopping', '15,45', 'EUR', '1,0000', '15,45', '0', '0']
2020-12-25 09:26:18,670  - INFO - Gelesen Reihe: 4 : ['*3011', '23.12.2020', '24.12.2020', 'AMZ*AkkuShop-Deutsch', 'Shopping', '49,95', 'EUR', '1,0000', '49,95', '24', '0']
2020-12-25 09:26:18,670  - INFO - Geschrieben Reihe 4: 24.12.2020 AMZ*AkkuShop-Deutsch 49,95
2020-12-25 09:26:18,670  - INFO - Gelesen Reihe: 5 : ['*3011', '23.12.2020', '24.12.2020', 'Lidl Vertriebs GmbH & Co.', 'Lebensmittelgeschäfte', '29,92', 'EUR', '1,0000', '29,92', '14', '0']
2020-12-25 09:26:18,670  - INFO - Geschrieben Reihe 5: 24.12.2020 Lidl Vertriebs GmbH & Co. 29,92
2020-12-25 09:26:18,671  - INFO - Gelesen Reihe: 6 : ['*3011', '21.12.2020', '22.12.2020', 'MUELLER MH HANDELS GMB', 'Medizin', '2,04', 'EUR', '1,0000', '2,04', '1', '0']
2020-12-25 09:26:18,671  - INFO - Geschrieben Reihe 6: 22.12.2020 MUELLER MH HANDELS GMB 2,04
2020-12-25 09:26:18,671  - INFO - Gelesen Reihe: 7 : ['*3011', '21.12.2020', '22.12.2020', 'Lidl Vertriebs GmbH & Co.', 'Lebensmittelgeschäfte', '31,58', 'EUR', '1,0000', '31,58', '15', '0']
2020-12-25 09:26:18,671  - INFO - Geschrieben Reihe 7: 22.12.2020 Lidl Vertriebs GmbH & Co. 31,58
2020-12-25 09:26:18,672  - INFO - Gelesen Reihe: 8 : ['', '21.12.2020', '21.12.2020', '', 'Sonstiges', '1124,75', '', '1,0000', '-1124,75', '0', '0']
2020-12-25 09:26:18,672  - INFO - Geschrieben Reihe 8: 21.12.2020  -1124,75
2020-12-25 09:26:18,672  - INFO - Gelesen Reihe: 9 : ['*3011', '20.12.2020', '22.12.2020', 'AMZN-RATENZA*MS23M2U14 WW', 'Shopping', '2,94', 'EUR', '1,0000', '2,94', '4', '2']
2020-12-25 09:26:18,672  - INFO - Geschrieben Reihe 9: 22.12.2020 AMZN-RATENZA*MS23M2U14 WW 2,94
2020-12-25 09:26:18,673  - INFO - Gelesen Reihe: 10 : ['*3011', '19.12.2020', '21.12.2020', 'MUELLER MH HANDELS GMB', 'Medizin', '3,88', 'EUR', '1,0000', '3,88', '1', '0']
2020-12-25 09:26:18,673  - INFO - Geschrieben Reihe 10: 21.12.2020 MUELLER MH HANDELS GMB 3,88
2020-12-25 09:26:18,673  - INFO - Gelesen Reihe: 11 : ['*3011', '19.12.2020', '20.12.2020', 'Lidl Vertriebs GmbH & Co.', 'Lebensmittelgeschäfte', '56,73', 'EUR', '1,0000', '56,73', '28', '0']
2020-12-25 09:26:18,673  - INFO - Geschrieben Reihe 11: 20.12.2020 Lidl Vertriebs GmbH & Co. 56,73
2020-12-25 09:26:18,673  - INFO - Gelesen Reihe: 12 : ['*3011', '18.12.2020', '19.12.2020', 'Audible Gmbh*MS4R232T4', 'Shopping', '9,95', 'EUR', '1,0000', '9,95', '4', '0']
2020-12-25 09:26:18,674  - INFO - Geschrieben Reihe 12: 19.12.2020 Audible Gmbh*MS4R232T4 9,95
2020-12-25 09:26:18,674  - INFO - Gelesen Reihe: 13 : ['*3011', '17.12.2020', '18.12.2020', 'AMAZON.DE AMAZON.DE', 'Shopping', '27,95', 'EUR', '1,0000', '27,95', '54', '27']
2020-12-25 09:26:18,674  - INFO - Geschrieben Reihe 13: 18.12.2020 AMAZON.DE AMAZON.DE 27,95
2020-12-25 09:26:18,674  - INFO - Gelesen Reihe: 14 : ['*3011', '16.12.2020', '18.12.2020', 'KAUFLAND INGOLSTADT 1323', 'Lebensmittelgeschäfte', '10,86', 'EUR', '1,0000', '10,86', '5', '0']
2020-12-25 09:26:18,675  - INFO - Geschrieben Reihe 14: 18.12.2020 KAUFLAND INGOLSTADT 1323 10,86
2020-12-25 09:26:18,675  - INFO - Gelesen Reihe: 15 : ['*3011', '16.12.2020', '17.12.2020', 'AMZN Mktp DE*MS8KS6HC4', 'Shopping', '79,99', 'EUR', '1,0000', '79,99', '158', '79']
2020-12-25 09:26:18,675  - INFO - Geschrieben Reihe 15: 17.12.2020 AMZN Mktp DE*MS8KS6HC4 79,99
2020-12-25 09:26:18,675  - INFO - Gelesen Reihe: 16 : ['*3011', '15.12.2020', '', 'Amazon *Mktplce EU-DE', 'Shopping', '79,99', 'EUR', '1,0000', '79,99', '0', '0']
2020-12-25 09:26:18,676  - INFO - Gelesen Reihe: 17 : ['*3011', '15.12.2020', '', 'Amazon *Mktplce EU-DE', 'Shopping', '79,99', 'EUR', '1,0000', '79,99', '0', '0']
2020-12-25 09:26:18,676  - INFO - Gelesen Reihe: 18 : ['*3011', '15.12.2020', '', 'GOOGLE *TEMPORARY HOLD', 'Sachbezogene Dienstleistungen', '0,00', 'EUR', '0,0000', '0,00', '0', '0']
2020-12-25 09:26:18,676  - INFO - Gelesen Reihe: 19 : ['*3011', '14.12.2020', '', 'TANKSTELLE C + C', 'Tankstellen', '100,00', 'EUR', '1,0000', '100,00', '0', '0']
2020-12-25 09:26:18,677  - INFO - Gelesen Reihe: 20 : ['*3011', '14.12.2020', '16.12.2020', 'KAUFLAND INGOLSTADT 1323', 'Lebensmittelgeschäfte', '49,19', 'EUR', '1,0000', '49,19', '24', '0']
2020-12-25 09:26:18,677  - INFO - Geschrieben Reihe 20: 16.12.2020 KAUFLAND INGOLSTADT 1323 49,19
2020-12-25 09:26:18,677  - INFO - Gelesen Reihe: 21 : ['*3011', '14.12.2020', '15.12.2020', 'Media Markt TV-HiFi-Elekt', 'Shopping', '119,74', 'EUR', '1,0000', '-119,74', '-59', '0']
2020-12-25 09:26:18,677  - INFO - Geschrieben Reihe 21: 15.12.2020 Media Markt TV-HiFi-Elekt -119,74
2020-12-25 09:26:18,679  - INFO - Gelesen Reihe: 22 : ['*3011', '14.12.2020', '15.12.2020', 'AMZ*Amazon.de', 'Shopping', '129,00', 'EUR', '1,0000', '-129,00', '-258', '-129']
2020-12-25 09:26:18,679  - INFO - Geschrieben Reihe 22: 15.12.2020 AMZ*Amazon.de -129,00
2020-12-25 09:26:18,679  - INFO - Gelesen Reihe: 23 : ['*3011', '14.12.2020', '15.12.2020', 'Tankstelle C + C', 'Tankstellen', '38,38', 'EUR', '1,0000', '38,38', '19', '0']
2020-12-25 09:26:18,680  - INFO - Geschrieben Reihe 23: 15.12.2020 Tankstelle C + C 38,38
2020-12-25 09:26:18,680  - INFO - Gelesen Reihe: 24 : ['*3011', '13.12.2020', '15.12.2020', 'PAYPAL *KLARSTEIN', 'Shopping', '29,49', 'EUR', '1,0000', '29,49', '14', '0']
2020-12-25 09:26:18,680  - INFO - Geschrieben Reihe 24: 15.12.2020 PAYPAL *KLARSTEIN 29,49
2020-12-25 09:26:18,681  - INFO - Gelesen Reihe: 25 : ['*3011', '12.12.2020', '14.12.2020', 'PAYPAL *ZOOLANDMARE', 'Shopping', '32,40', 'EUR', '1,0000', '32,40', '16', '0']
2020-12-25 09:26:18,681  - INFO - Geschrieben Reihe 25: 14.12.2020 PAYPAL *ZOOLANDMARE 32,40
2020-12-25 09:26:18,681  - INFO - Gelesen Reihe: 26 : ['*3011', '10.12.2020', '11.12.2020', 'FRISTO GETRAENKEMARKT 121', 'Shopping', '22,53', 'EUR', '1,0000', '22,53', '11', '0']
2020-12-25 09:26:18,682  - INFO - Geschrieben Reihe 26: 11.12.2020 FRISTO GETRAENKEMARKT 121 22,53
2020-12-25 09:26:18,682  - INFO - Gelesen Reihe: 27 : ['*3011', '10.12.2020', '11.12.2020', 'AMZN Mktp DE*MS3884NI4', 'Shopping', '14,50', 'EUR', '1,0000', '14,50', '28', '14']
2020-12-25 09:26:18,682  - INFO - Geschrieben Reihe 27: 11.12.2020 AMZN Mktp DE*MS3884NI4 14,50
2020-12-25 09:26:18,683  - INFO - Gelesen Reihe: 28 : ['*3011', '09.12.2020', '10.12.2020', 'EDEKA WEISSINGER', 'Lebensmittelgeschäfte', '5,46', 'EUR', '1,0000', '5,46', '2', '0']
2020-12-25 09:26:18,683  - INFO - Geschrieben Reihe 28: 10.12.2020 EDEKA WEISSINGER 5,46
2020-12-25 09:26:18,683  - INFO - Gelesen Reihe: 29 : ['*3011', '09.12.2020', '10.12.2020', 'EDEKA WEISSINGER', 'Lebensmittelgeschäfte', '23,49', 'EUR', '1,0000', '23,49', '11', '0']
2020-12-25 09:26:18,684  - INFO - Geschrieben Reihe 29: 10.12.2020 EDEKA WEISSINGER 23,49
2020-12-25 09:26:18,684  - INFO - Gelesen Reihe: 30 : ['*3011', '09.12.2020', '10.12.2020', 'ALDI SUED', 'Lebensmittelgeschäfte', '10,49', 'EUR', '1,0000', '10,49', '5', '0']
2020-12-25 09:26:18,684  - INFO - Geschrieben Reihe 30: 10.12.2020 ALDI SUED 10,49
2020-12-25 09:26:18,684  - INFO - Gelesen Reihe: 31 : ['*3011', '08.12.2020', '09.12.2020', 'GOOGLE *Google Play Ap', 'Sonstiges', '1,19', 'EUR', '1,0000', '1,19', '0', '0']
2020-12-25 09:26:18,685  - INFO - Geschrieben Reihe 31: 09.12.2020 GOOGLE *Google Play Ap 1,19
2020-12-25 09:26:18,685  - INFO - Gelesen Reihe: 32 : ['*3011', '07.12.2020', '08.12.2020', 'FENEBERG XL SO 9020', 'Lebensmittelgeschäfte', '62,14', 'EUR', '1,0000', '62,14', '31', '0']
2020-12-25 09:26:18,685  - INFO - Geschrieben Reihe 32: 08.12.2020 FENEBERG XL SO 9020 62,14
2020-12-25 09:26:18,685  - INFO - Gelesen Reihe: 33 : ['*3011', '06.12.2020', '07.12.2020', 'Kindle Svcs*MY78W4RA4', 'Shopping', '4,99', 'EUR', '1,0000', '4,99', '8', '4']
2020-12-25 09:26:18,686  - INFO - Geschrieben Reihe 33: 07.12.2020 Kindle Svcs*MY78W4RA4 4,99
2020-12-25 09:26:18,686  - INFO - Gelesen Reihe: 34 : ['*3011', '05.12.2020', '07.12.2020', 'MUELLER GMBH & CO.KG', 'Medizin', '9,53', 'EUR', '1,0000', '9,53', '4', '0']
2020-12-25 09:26:18,686  - INFO - Geschrieben Reihe 34: 07.12.2020 MUELLER GMBH & CO.KG 9,53
2020-12-25 09:26:18,687  - INFO - Gelesen Reihe: 35 : ['*3011', '04.12.2020', '05.12.2020', 'BACKHAUS HACKNER', 'Shopping', '7,35', 'EUR', '1,0000', '7,35', '3', '0']
2020-12-25 09:26:18,687  - INFO - Geschrieben Reihe 35: 05.12.2020 BACKHAUS HACKNER 7,35
2020-12-25 09:26:18,687  - INFO - Gelesen Reihe: 36 : ['*3011', '04.12.2020', '05.12.2020', 'ALDI SUED', 'Lebensmittelgeschäfte', '14,05', 'EUR', '1,0000', '14,05', '7', '0']
2020-12-25 09:26:18,687  - INFO - Geschrieben Reihe 36: 05.12.2020 ALDI SUED 14,05
2020-12-25 09:26:18,687  - INFO - Gelesen Reihe: 37 : ['*3011', '04.12.2020', '05.12.2020', 'Media Markt TV-HiFi-Elekt', 'Shopping', '119,74', 'EUR', '1,0000', '119,74', '59', '0']
2020-12-25 09:26:18,688  - INFO - Geschrieben Reihe 37: 05.12.2020 Media Markt TV-HiFi-Elekt 119,74
2020-12-25 09:26:18,688  - INFO - Gelesen Reihe: 38 : ['*3011', '03.12.2020', '', 'Amazon *Mktplce EU-DE', 'Shopping', '109,90', 'EUR', '1,0000', '109,90', '0', '0']
2020-12-25 09:26:18,689  - INFO - Gelesen Reihe: 39 : ['*3011', '01.12.2020', '02.12.2020', 'ALDI SUED', 'Lebensmittelgeschäfte', '4,39', 'EUR', '1,0000', '4,39', '2', '0']
2020-12-25 09:26:18,689  - INFO - Geschrieben Reihe 39: 02.12.2020 ALDI SUED 4,39
2020-12-25 09:26:18,689  - INFO - CSV geschrieben in Datei : /home/ich/Dokumente/Git/learnPython/Visa_import/dst/20201225-092618-Importfile.csv
2020-12-25 09:26:18,689  - INFO - #######################################  ENDE #####################################################
2020-12-25 09:34:10,845  - INFO - CSV file/home/ich/Dokumente/Git/learnPython/Visa_import/src/KKB-Umsätze.csv opened
2020-12-25 09:34:10,846  - INFO - Gelesen Reihe: 0 : ['\ufeff"20201225"']
2020-12-25 09:34:10,846  - INFO - Gelesen Reihe: 1 : ['Kreditkartennummer (teilmaskiert)', 'Transaktionsdatum', 'Buchungsdatum', 'Händler (Name, Stadt & Land)', 'Umsatzkategorie', 'Betrag in Fremdwährung', 'Einheit Fremdwährung', 'Umrechnungskurs', 'Betrag in Euro', 'Amazon Punkte', 'Prime Punkte']
2020-12-25 09:34:10,846  - INFO - Gelesen Reihe: 2 : ['*3011', '24.12.2020', '', 'Lidl Vertriebs GmbH & C', 'Lebensmittelgeschäfte', '8,14', 'EUR', '1,0000', '8,14', '0', '0']
2020-12-25 09:34:10,847  - INFO - Gelesen Reihe: 3 : ['*3011', '23.12.2020', '', 'PAYPAL *ONLINEPETSB', 'Shopping', '15,45', 'EUR', '1,0000', '15,45', '0', '0']
2020-12-25 09:34:10,847  - INFO - Gelesen Reihe: 4 : ['*3011', '23.12.2020', '24.12.2020', 'AMZ*AkkuShop-Deutsch', 'Shopping', '49,95', 'EUR', '1,0000', '49,95', '24', '0']
2020-12-25 09:34:10,848  - INFO - Geschrieben Reihe 4: 24.12.2020 AMZ*AkkuShop-Deutsch 49,95
2020-12-25 09:34:10,848  - INFO - Gelesen Reihe: 5 : ['*3011', '23.12.2020', '24.12.2020', 'Lidl Vertriebs GmbH & Co.', 'Lebensmittelgeschäfte', '29,92', 'EUR', '1,0000', '29,92', '14', '0']
2020-12-25 09:34:10,849  - INFO - Geschrieben Reihe 5: 24.12.2020 Lidl Vertriebs GmbH & Co. 29,92
2020-12-25 09:34:10,849  - INFO - Gelesen Reihe: 6 : ['*3011', '21.12.2020', '22.12.2020', 'MUELLER MH HANDELS GMB', 'Medizin', '2,04', 'EUR', '1,0000', '2,04', '1', '0']
2020-12-25 09:34:10,850  - INFO - Geschrieben Reihe 6: 22.12.2020 MUELLER MH HANDELS GMB 2,04
2020-12-25 09:34:10,850  - INFO - Gelesen Reihe: 7 : ['*3011', '21.12.2020', '22.12.2020', 'Lidl Vertriebs GmbH & Co.', 'Lebensmittelgeschäfte', '31,58', 'EUR', '1,0000', '31,58', '15', '0']
2020-12-25 09:34:10,850  - INFO - Geschrieben Reihe 7: 22.12.2020 Lidl Vertriebs GmbH & Co. 31,58
2020-12-25 09:34:10,850  - INFO - Gelesen Reihe: 8 : ['', '21.12.2020', '21.12.2020', '', 'Sonstiges', '1124,75', '', '1,0000', '-1124,75', '0', '0']
2020-12-25 09:34:10,851  - INFO - Geschrieben Reihe 8: 21.12.2020 Sparkasse Ausgleich Kreditkarte -1124,75
2020-12-25 09:34:10,851  - INFO - Gelesen Reihe: 9 : ['*3011', '20.12.2020', '22.12.2020', 'AMZN-RATENZA*MS23M2U14 WW', 'Shopping', '2,94', 'EUR', '1,0000', '2,94', '4', '2']
2020-12-25 09:34:10,851  - INFO - Geschrieben Reihe 9: 22.12.2020 AMZN-RATENZA*MS23M2U14 WW 2,94
2020-12-25 09:34:10,851  - INFO - Gelesen Reihe: 10 : ['*3011', '19.12.2020', '21.12.2020', 'MUELLER MH HANDELS GMB', 'Medizin', '3,88', 'EUR', '1,0000', '3,88', '1', '0']
2020-12-25 09:34:10,852  - INFO - Geschrieben Reihe 10: 21.12.2020 MUELLER MH HANDELS GMB 3,88
2020-12-25 09:34:10,852  - INFO - Gelesen Reihe: 11 : ['*3011', '19.12.2020', '20.12.2020', 'Lidl Vertriebs GmbH & Co.', 'Lebensmittelgeschäfte', '56,73', 'EUR', '1,0000', '56,73', '28', '0']
2020-12-25 09:34:10,852  - INFO - Geschrieben Reihe 11: 20.12.2020 Lidl Vertriebs GmbH & Co. 56,73
2020-12-25 09:34:10,852  - INFO - Gelesen Reihe: 12 : ['*3011', '18.12.2020', '19.12.2020', 'Audible Gmbh*MS4R232T4', 'Shopping', '9,95', 'EUR', '1,0000', '9,95', '4', '0']
2020-12-25 09:34:10,852  - INFO - Geschrieben Reihe 12: 19.12.2020 Audible Gmbh*MS4R232T4 9,95
2020-12-25 09:34:10,853  - INFO - Gelesen Reihe: 13 : ['*3011', '17.12.2020', '18.12.2020', 'AMAZON.DE AMAZON.DE', 'Shopping', '27,95', 'EUR', '1,0000', '27,95', '54', '27']
2020-12-25 09:34:10,853  - INFO - Geschrieben Reihe 13: 18.12.2020 AMAZON.DE AMAZON.DE 27,95
2020-12-25 09:34:10,853  - INFO - Gelesen Reihe: 14 : ['*3011', '16.12.2020', '18.12.2020', 'KAUFLAND INGOLSTADT 1323', 'Lebensmittelgeschäfte', '10,86', 'EUR', '1,0000', '10,86', '5', '0']
2020-12-25 09:34:10,853  - INFO - Geschrieben Reihe 14: 18.12.2020 KAUFLAND INGOLSTADT 1323 10,86
2020-12-25 09:34:10,853  - INFO - Gelesen Reihe: 15 : ['*3011', '16.12.2020', '17.12.2020', 'AMZN Mktp DE*MS8KS6HC4', 'Shopping', '79,99', 'EUR', '1,0000', '79,99', '158', '79']
2020-12-25 09:34:10,853  - INFO - Geschrieben Reihe 15: 17.12.2020 AMZN Mktp DE*MS8KS6HC4 79,99
2020-12-25 09:34:10,853  - INFO - Gelesen Reihe: 16 : ['*3011', '15.12.2020', '', 'Amazon *Mktplce EU-DE', 'Shopping', '79,99', 'EUR', '1,0000', '79,99', '0', '0']
2020-12-25 09:34:10,853  - INFO - Gelesen Reihe: 17 : ['*3011', '15.12.2020', '', 'Amazon *Mktplce EU-DE', 'Shopping', '79,99', 'EUR', '1,0000', '79,99', '0', '0']
2020-12-25 09:34:10,854  - INFO - Gelesen Reihe: 18 : ['*3011', '15.12.2020', '', 'GOOGLE *TEMPORARY HOLD', 'Sachbezogene Dienstleistungen', '0,00', 'EUR', '0,0000', '0,00', '0', '0']
2020-12-25 09:34:10,854  - INFO - Gelesen Reihe: 19 : ['*3011', '14.12.2020', '', 'TANKSTELLE C + C', 'Tankstellen', '100,00', 'EUR', '1,0000', '100,00', '0', '0']
2020-12-25 09:34:10,854  - INFO - Gelesen Reihe: 20 : ['*3011', '14.12.2020', '16.12.2020', 'KAUFLAND INGOLSTADT 1323', 'Lebensmittelgeschäfte', '49,19', 'EUR', '1,0000', '49,19', '24', '0']
2020-12-25 09:34:10,854  - INFO - Geschrieben Reihe 20: 16.12.2020 KAUFLAND INGOLSTADT 1323 49,19
2020-12-25 09:34:10,854  - INFO - Gelesen Reihe: 21 : ['*3011', '14.12.2020', '15.12.2020', 'Media Markt TV-HiFi-Elekt', 'Shopping', '119,74', 'EUR', '1,0000', '-119,74', '-59', '0']
2020-12-25 09:34:10,855  - INFO - Geschrieben Reihe 21: 15.12.2020 Media Markt TV-HiFi-Elekt -119,74
2020-12-25 09:34:10,855  - INFO - Gelesen Reihe: 22 : ['*3011', '14.12.2020', '15.12.2020', 'AMZ*Amazon.de', 'Shopping', '129,00', 'EUR', '1,0000', '-129,00', '-258', '-129']
2020-12-25 09:34:10,855  - INFO - Geschrieben Reihe 22: 15.12.2020 AMZ*Amazon.de -129,00
2020-12-25 09:34:10,856  - INFO - Gelesen Reihe: 23 : ['*3011', '14.12.2020', '15.12.2020', 'Tankstelle C + C', 'Tankstellen', '38,38', 'EUR', '1,0000', '38,38', '19', '0']
2020-12-25 09:34:10,856  - INFO - Geschrieben Reihe 23: 15.12.2020 Tankstelle C + C 38,38
2020-12-25 09:34:10,856  - INFO - Gelesen Reihe: 24 : ['*3011', '13.12.2020', '15.12.2020', 'PAYPAL *KLARSTEIN', 'Shopping', '29,49', 'EUR', '1,0000', '29,49', '14', '0']
2020-12-25 09:34:10,856  - INFO - Geschrieben Reihe 24: 15.12.2020 PAYPAL *KLARSTEIN 29,49
2020-12-25 09:34:10,857  - INFO - Gelesen Reihe: 25 : ['*3011', '12.12.2020', '14.12.2020', 'PAYPAL *ZOOLANDMARE', 'Shopping', '32,40', 'EUR', '1,0000', '32,40', '16', '0']
2020-12-25 09:34:10,857  - INFO - Geschrieben Reihe 25: 14.12.2020 PAYPAL *ZOOLANDMARE 32,40
2020-12-25 09:34:10,857  - INFO - Gelesen Reihe: 26 : ['*3011', '10.12.2020', '11.12.2020', 'FRISTO GETRAENKEMARKT 121', 'Shopping', '22,53', 'EUR', '1,0000', '22,53', '11', '0']
2020-12-25 09:34:10,857  - INFO - Geschrieben Reihe 26: 11.12.2020 FRISTO GETRAENKEMARKT 121 22,53
2020-12-25 09:34:10,858  - INFO - Gelesen Reihe: 27 : ['*3011', '10.12.2020', '11.12.2020', 'AMZN Mktp DE*MS3884NI4', 'Shopping', '14,50', 'EUR', '1,0000', '14,50', '28', '14']
2020-12-25 09:34:10,858  - INFO - Geschrieben Reihe 27: 11.12.2020 AMZN Mktp DE*MS3884NI4 14,50
2020-12-25 09:34:10,858  - INFO - Gelesen Reihe: 28 : ['*3011', '09.12.2020', '10.12.2020', 'EDEKA WEISSINGER', 'Lebensmittelgeschäfte', '5,46', 'EUR', '1,0000', '5,46', '2', '0']
2020-12-25 09:34:10,858  - INFO - Geschrieben Reihe 28: 10.12.2020 EDEKA WEISSINGER 5,46
2020-12-25 09:34:10,859  - INFO - Gelesen Reihe: 29 : ['*3011', '09.12.2020', '10.12.2020', 'EDEKA WEISSINGER', 'Lebensmittelgeschäfte', '23,49', 'EUR', '1,0000', '23,49', '11', '0']
2020-12-25 09:34:10,859  - INFO - Geschrieben Reihe 29: 10.12.2020 EDEKA WEISSINGER 23,49
2020-12-25 09:34:10,859  - INFO - Gelesen Reihe: 30 : ['*3011', '09.12.2020', '10.12.2020', 'ALDI SUED', 'Lebensmittelgeschäfte', '10,49', 'EUR', '1,0000', '10,49', '5', '0']
2020-12-25 09:34:10,860  - INFO - Geschrieben Reihe 30: 10.12.2020 ALDI SUED 10,49
2020-12-25 09:34:10,860  - INFO - Gelesen Reihe: 31 : ['*3011', '08.12.2020', '09.12.2020', 'GOOGLE *Google Play Ap', 'Sonstiges', '1,19', 'EUR', '1,0000', '1,19', '0', '0']
2020-12-25 09:34:10,860  - INFO - Geschrieben Reihe 31: 09.12.2020 GOOGLE *Google Play Ap 1,19
2020-12-25 09:34:10,860  - INFO - Gelesen Reihe: 32 : ['*3011', '07.12.2020', '08.12.2020', 'FENEBERG XL SO 9020', 'Lebensmittelgeschäfte', '62,14', 'EUR', '1,0000', '62,14', '31', '0']
2020-12-25 09:34:10,861  - INFO - Geschrieben Reihe 32: 08.12.2020 FENEBERG XL SO 9020 62,14
2020-12-25 09:34:10,861  - INFO - Gelesen Reihe: 33 : ['*3011', '06.12.2020', '07.12.2020', 'Kindle Svcs*MY78W4RA4', 'Shopping', '4,99', 'EUR', '1,0000', '4,99', '8', '4']
2020-12-25 09:34:10,861  - INFO - Geschrieben Reihe 33: 07.12.2020 Kindle Svcs*MY78W4RA4 4,99
2020-12-25 09:34:10,861  - INFO - Gelesen Reihe: 34 : ['*3011', '05.12.2020', '07.12.2020', 'MUELLER GMBH & CO.KG', 'Medizin', '9,53', 'EUR', '1,0000', '9,53', '4', '0']
2020-12-25 09:34:10,862  - INFO - Geschrieben Reihe 34: 07.12.2020 MUELLER GMBH & CO.KG 9,53
2020-12-25 09:34:10,862  - INFO - Gelesen Reihe: 35 : ['*3011', '04.12.2020', '05.12.2020', 'BACKHAUS HACKNER', 'Shopping', '7,35', 'EUR', '1,0000', '7,35', '3', '0']
2020-12-25 09:34:10,862  - INFO - Geschrieben Reihe 35: 05.12.2020 BACKHAUS HACKNER 7,35
2020-12-25 09:34:10,862  - INFO - Gelesen Reihe: 36 : ['*3011', '04.12.2020', '05.12.2020', 'ALDI SUED', 'Lebensmittelgeschäfte', '14,05', 'EUR', '1,0000', '14,05', '7', '0']
2020-12-25 09:34:10,862  - INFO - Geschrieben Reihe 36: 05.12.2020 ALDI SUED 14,05
2020-12-25 09:34:10,863  - INFO - Gelesen Reihe: 37 : ['*3011', '04.12.2020', '05.12.2020', 'Media Markt TV-HiFi-Elekt', 'Shopping', '119,74', 'EUR', '1,0000', '119,74', '59', '0']
2020-12-25 09:34:10,863  - INFO - Geschrieben Reihe 37: 05.12.2020 Media Markt TV-HiFi-Elekt 119,74
2020-12-25 09:34:10,863  - INFO - Gelesen Reihe: 38 : ['*3011', '03.12.2020', '', 'Amazon *Mktplce EU-DE', 'Shopping', '109,90', 'EUR', '1,0000', '109,90', '0', '0']
2020-12-25 09:34:10,863  - INFO - Gelesen Reihe: 39 : ['*3011', '01.12.2020', '02.12.2020', 'ALDI SUED', 'Lebensmittelgeschäfte', '4,39', 'EUR', '1,0000', '4,39', '2', '0']
2020-12-25 09:34:10,864  - INFO - Geschrieben Reihe 39: 02.12.2020 ALDI SUED 4,39
2020-12-25 09:34:10,864  - INFO - CSV geschrieben in Datei : /home/ich/Dokumente/Git/learnPython/Visa_import/dst/20201225-093410-Importfile.csv
2020-12-25 09:34:10,864  - INFO - #######################################  ENDE #####################################################
2020-12-25 09:43:40,275  - INFO - CSV file/home/ich/Dokumente/Git/learnPython/Visa_import/src/KKB-Umsätze.csv opened
2020-12-25 09:43:40,275  - INFO - Gelesen Reihe: 0 : ['\ufeff"20201225"']
2020-12-25 09:43:40,275  - INFO - Gelesen Reihe: 1 : ['Kreditkartennummer (teilmaskiert)', 'Transaktionsdatum', 'Buchungsdatum', 'Händler (Name, Stadt & Land)', 'Umsatzkategorie', 'Betrag in Fremdwährung', 'Einheit Fremdwährung', 'Umrechnungskurs', 'Betrag in Euro', 'Amazon Punkte', 'Prime Punkte']
2020-12-25 09:43:40,275  - INFO - Gelesen Reihe: 2 : ['*3011', '24.12.2020', '', 'Lidl Vertriebs GmbH & C', 'Lebensmittelgeschäfte', '8,14', 'EUR', '1,0000', '8,14', '0', '0']
2020-12-25 09:43:40,275  - INFO - Gelesen Reihe: 3 : ['*3011', '23.12.2020', '', 'PAYPAL *ONLINEPETSB', 'Shopping', '15,45', 'EUR', '1,0000', '15,45', '0', '0']
2020-12-25 09:43:40,276  - INFO - Gelesen Reihe: 4 : ['*3011', '23.12.2020', '24.12.2020', 'AMZ*AkkuShop-Deutsch', 'Shopping', '49,95', 'EUR', '1,0000', '49,95', '24', '0']
2020-12-25 09:43:40,276  - INFO - Geschrieben Reihe 4: 24.12.2020 AMZ*AkkuShop-Deutsch 49,95
2020-12-25 09:43:40,276  - INFO - Gelesen Reihe: 5 : ['*3011', '23.12.2020', '24.12.2020', 'Lidl Vertriebs GmbH & Co.', 'Lebensmittelgeschäfte', '29,92', 'EUR', '1,0000', '29,92', '14', '0']
2020-12-25 09:43:40,276  - INFO - Geschrieben Reihe 5: 24.12.2020 Lidl Vertriebs GmbH & Co. 29,92
2020-12-25 09:43:40,276  - INFO - Gelesen Reihe: 6 : ['*3011', '21.12.2020', '22.12.2020', 'MUELLER MH HANDELS GMB', 'Medizin', '2,04', 'EUR', '1,0000', '2,04', '1', '0']
2020-12-25 09:43:40,277  - INFO - Geschrieben Reihe 6: 22.12.2020 MUELLER MH HANDELS GMB 2,04
2020-12-25 09:43:40,277  - INFO - Gelesen Reihe: 7 : ['*3011', '21.12.2020', '22.12.2020', 'Lidl Vertriebs GmbH & Co.', 'Lebensmittelgeschäfte', '31,58', 'EUR', '1,0000', '31,58', '15', '0']
2020-12-25 09:43:40,277  - INFO - Geschrieben Reihe 7: 22.12.2020 Lidl Vertriebs GmbH & Co. 31,58
2020-12-25 09:43:40,277  - INFO - Gelesen Reihe: 8 : ['', '21.12.2020', '21.12.2020', '', 'Sonstiges', '1124,75', '', '1,0000', '-1124,75', '0', '0']
2020-12-25 09:43:40,278  - INFO - Geschrieben Reihe 8: 21.12.2020 Sparkasse Ausgleich Kreditkarte -1124,75
2020-12-25 09:43:40,278  - INFO - Gelesen Reihe: 9 : ['*3011', '20.12.2020', '22.12.2020', 'AMZN-RATENZA*MS23M2U14 WW', 'Shopping', '2,94', 'EUR', '1,0000', '2,94', '4', '2']
2020-12-25 09:43:40,278  - INFO - Geschrieben Reihe 9: 22.12.2020 AMZN-RATENZA*MS23M2U14 WW 2,94
2020-12-25 09:43:40,278  - INFO - Gelesen Reihe: 10 : ['*3011', '19.12.2020', '21.12.2020', 'MUELLER MH HANDELS GMB', 'Medizin', '3,88', 'EUR', '1,0000', '3,88', '1', '0']
2020-12-25 09:43:40,279  - INFO - Geschrieben Reihe 10: 21.12.2020 MUELLER MH HANDELS GMB 3,88
2020-12-25 09:43:40,279  - INFO - Gelesen Reihe: 11 : ['*3011', '19.12.2020', '20.12.2020', 'Lidl Vertriebs GmbH & Co.', 'Lebensmittelgeschäfte', '56,73', 'EUR', '1,0000', '56,73', '28', '0']
2020-12-25 09:43:40,279  - INFO - Geschrieben Reihe 11: 20.12.2020 Lidl Vertriebs GmbH & Co. 56,73
2020-12-25 09:43:40,279  - INFO - Gelesen Reihe: 12 : ['*3011', '18.12.2020', '19.12.2020', 'Audible Gmbh*MS4R232T4', 'Shopping', '9,95', 'EUR', '1,0000', '9,95', '4', '0']
2020-12-25 09:43:40,280  - INFO - Geschrieben Reihe 12: 19.12.2020 Audible Gmbh*MS4R232T4 9,95
2020-12-25 09:43:40,280  - INFO - Gelesen Reihe: 13 : ['*3011', '17.12.2020', '18.12.2020', 'AMAZON.DE AMAZON.DE', 'Shopping', '27,95', 'EUR', '1,0000', '27,95', '54', '27']
2020-12-25 09:43:40,280  - INFO - Geschrieben Reihe 13: 18.12.2020 AMAZON.DE AMAZON.DE 27,95
2020-12-25 09:43:40,280  - INFO - Gelesen Reihe: 14 : ['*3011', '16.12.2020', '18.12.2020', 'KAUFLAND INGOLSTADT 1323', 'Lebensmittelgeschäfte', '10,86', 'EUR', '1,0000', '10,86', '5', '0']
2020-12-25 09:43:40,281  - INFO - Geschrieben Reihe 14: 18.12.2020 KAUFLAND INGOLSTADT 1323 10,86
2020-12-25 09:43:40,281  - INFO - Gelesen Reihe: 15 : ['*3011', '16.12.2020', '17.12.2020', 'AMZN Mktp DE*MS8KS6HC4', 'Shopping', '79,99', 'EUR', '1,0000', '79,99', '158', '79']
2020-12-25 09:43:40,281  - INFO - Geschrieben Reihe 15: 17.12.2020 AMZN Mktp DE*MS8KS6HC4 79,99
2020-12-25 09:43:40,281  - INFO - Gelesen Reihe: 16 : ['*3011', '15.12.2020', '', 'Amazon *Mktplce EU-DE', 'Shopping', '79,99', 'EUR', '1,0000', '79,99', '0', '0']
2020-12-25 09:43:40,282  - INFO - Gelesen Reihe: 17 : ['*3011', '15.12.2020', '', 'Amazon *Mktplce EU-DE', 'Shopping', '79,99', 'EUR', '1,0000', '79,99', '0', '0']
2020-12-25 09:43:40,282  - INFO - Gelesen Reihe: 18 : ['*3011', '15.12.2020', '', 'GOOGLE *TEMPORARY HOLD', 'Sachbezogene Dienstleistungen', '0,00', 'EUR', '0,0000', '0,00', '0', '0']
2020-12-25 09:43:40,282  - INFO - Gelesen Reihe: 19 : ['*3011', '14.12.2020', '', 'TANKSTELLE C + C', 'Tankstellen', '100,00', 'EUR', '1,0000', '100,00', '0', '0']
2020-12-25 09:43:40,282  - INFO - Gelesen Reihe: 20 : ['*3011', '14.12.2020', '16.12.2020', 'KAUFLAND INGOLSTADT 1323', 'Lebensmittelgeschäfte', '49,19', 'EUR', '1,0000', '49,19', '24', '0']
2020-12-25 09:43:40,283  - INFO - Geschrieben Reihe 20: 16.12.2020 KAUFLAND INGOLSTADT 1323 49,19
2020-12-25 09:43:40,283  - INFO - Gelesen Reihe: 21 : ['*3011', '14.12.2020', '15.12.2020', 'Media Markt TV-HiFi-Elekt', 'Shopping', '119,74', 'EUR', '1,0000', '-119,74', '-59', '0']
2020-12-25 09:43:40,283  - INFO - Geschrieben Reihe 21: 15.12.2020 Media Markt TV-HiFi-Elekt -119,74
2020-12-25 09:43:40,283  - INFO - Gelesen Reihe: 22 : ['*3011', '14.12.2020', '15.12.2020', 'AMZ*Amazon.de', 'Shopping', '129,00', 'EUR', '1,0000', '-129,00', '-258', '-129']
2020-12-25 09:43:40,284  - INFO - Geschrieben Reihe 22: 15.12.2020 AMZ*Amazon.de -129,00
2020-12-25 09:43:40,284  - INFO - Gelesen Reihe: 23 : ['*3011', '14.12.2020', '15.12.2020', 'Tankstelle C + C', 'Tankstellen', '38,38', 'EUR', '1,0000', '38,38', '19', '0']
2020-12-25 09:43:40,284  - INFO - Geschrieben Reihe 23: 15.12.2020 Tankstelle C + C 38,38
2020-12-25 09:43:40,285  - INFO - Gelesen Reihe: 24 : ['*3011', '13.12.2020', '15.12.2020', 'PAYPAL *KLARSTEIN', 'Shopping', '29,49', 'EUR', '1,0000', '29,49', '14', '0']
2020-12-25 09:43:40,285  - INFO - Geschrieben Reihe 24: 15.12.2020 PAYPAL *KLARSTEIN 29,49
2020-12-25 09:43:40,285  - INFO - Gelesen Reihe: 25 : ['*3011', '12.12.2020', '14.12.2020', 'PAYPAL *ZOOLANDMARE', 'Shopping', '32,40', 'EUR', '1,0000', '32,40', '16', '0']
2020-12-25 09:43:40,285  - INFO - Geschrieben Reihe 25: 14.12.2020 PAYPAL *ZOOLANDMARE 32,40
2020-12-25 09:43:40,286  - INFO - Gelesen Reihe: 26 : ['*3011', '10.12.2020', '11.12.2020', 'FRISTO GETRAENKEMARKT 121', 'Shopping', '22,53', 'EUR', '1,0000', '22,53', '11', '0']
2020-12-25 09:43:40,286  - INFO - Geschrieben Reihe 26: 11.12.2020 FRISTO GETRAENKEMARKT 121 22,53
2020-12-25 09:43:40,286  - INFO - Gelesen Reihe: 27 : ['*3011', '10.12.2020', '11.12.2020', 'AMZN Mktp DE*MS3884NI4', 'Shopping', '14,50', 'EUR', '1,0000', '14,50', '28', '14']
2020-12-25 09:43:40,286  - INFO - Geschrieben Reihe 27: 11.12.2020 AMZN Mktp DE*MS3884NI4 14,50
2020-12-25 09:43:40,286  - INFO - Gelesen Reihe: 28 : ['*3011', '09.12.2020', '10.12.2020', 'EDEKA WEISSINGER', 'Lebensmittelgeschäfte', '5,46', 'EUR', '1,0000', '5,46', '2', '0']
2020-12-25 09:43:40,287  - INFO - Geschrieben Reihe 28: 10.12.2020 EDEKA WEISSINGER 5,46
2020-12-25 09:43:40,287  - INFO - Gelesen Reihe: 29 : ['*3011', '09.12.2020', '10.12.2020', 'EDEKA WEISSINGER', 'Lebensmittelgeschäfte', '23,49', 'EUR', '1,0000', '23,49', '11', '0']
2020-12-25 09:43:40,287  - INFO - Geschrieben Reihe 29: 10.12.2020 EDEKA WEISSINGER 23,49
2020-12-25 09:43:40,287  - INFO - Gelesen Reihe: 30 : ['*3011', '09.12.2020', '10.12.2020', 'ALDI SUED', 'Lebensmittelgeschäfte', '10,49', 'EUR', '1,0000', '10,49', '5', '0']
2020-12-25 09:43:40,288  - INFO - Geschrieben Reihe 30: 10.12.2020 ALDI SUED 10,49
2020-12-25 09:43:40,288  - INFO - Gelesen Reihe: 31 : ['*3011', '08.12.2020', '09.12.2020', 'GOOGLE *Google Play Ap', 'Sonstiges', '1,19', 'EUR', '1,0000', '1,19', '0', '0']
2020-12-25 09:43:40,288  - INFO - Geschrieben Reihe 31: 09.12.2020 GOOGLE *Google Play Ap 1,19
2020-12-25 09:43:40,289  - INFO - Gelesen Reihe: 32 : ['*3011', '07.12.2020', '08.12.2020', 'FENEBERG XL SO 9020', 'Lebensmittelgeschäfte', '62,14', 'EUR', '1,0000', '62,14', '31', '0']
2020-12-25 09:43:40,289  - INFO - Geschrieben Reihe 32: 08.12.2020 FENEBERG XL SO 9020 62,14
2020-12-25 09:43:40,289  - INFO - Gelesen Reihe: 33 : ['*3011', '06.12.2020', '07.12.2020', 'Kindle Svcs*MY78W4RA4', 'Shopping', '4,99', 'EUR', '1,0000', '4,99', '8', '4']
2020-12-25 09:43:40,289  - INFO - Geschrieben Reihe 33: 07.12.2020 Kindle Svcs*MY78W4RA4 4,99
2020-12-25 09:43:40,289  - INFO - Gelesen Reihe: 34 : ['*3011', '05.12.2020', '07.12.2020', 'MUELLER GMBH & CO.KG', 'Medizin', '9,53', 'EUR', '1,0000', '9,53', '4', '0']
2020-12-25 09:43:40,290  - INFO - Geschrieben Reihe 34: 07.12.2020 MUELLER GMBH & CO.KG 9,53
2020-12-25 09:43:40,290  - INFO - Gelesen Reihe: 35 : ['*3011', '04.12.2020', '05.12.2020', 'BACKHAUS HACKNER', 'Shopping', '7,35', 'EUR', '1,0000', '7,35', '3', '0']
2020-12-25 09:43:40,290  - INFO - Geschrieben Reihe 35: 05.12.2020 BACKHAUS HACKNER 7,35
2020-12-25 09:43:40,290  - INFO - Gelesen Reihe: 36 : ['*3011', '04.12.2020', '05.12.2020', 'ALDI SUED', 'Lebensmittelgeschäfte', '14,05', 'EUR', '1,0000', '14,05', '7', '0']
2020-12-25 09:43:40,290  - INFO - Geschrieben Reihe 36: 05.12.2020 ALDI SUED 14,05
2020-12-25 09:43:40,291  - INFO - Gelesen Reihe: 37 : ['*3011', '04.12.2020', '05.12.2020', 'Media Markt TV-HiFi-Elekt', 'Shopping', '119,74', 'EUR', '1,0000', '119,74', '59', '0']
2020-12-25 09:43:40,291  - INFO - Geschrieben Reihe 37: 05.12.2020 Media Markt TV-HiFi-Elekt 119,74
2020-12-25 09:43:40,291  - INFO - Gelesen Reihe: 38 : ['*3011', '03.12.2020', '', 'Amazon *Mktplce EU-DE', 'Shopping', '109,90', 'EUR', '1,0000', '109,90', '0', '0']
2020-12-25 09:43:40,291  - INFO - Gelesen Reihe: 39 : ['*3011', '01.12.2020', '02.12.2020', 'ALDI SUED', 'Lebensmittelgeschäfte', '4,39', 'EUR', '1,0000', '4,39', '2', '0']
2020-12-25 09:43:40,292  - INFO - Geschrieben Reihe 39: 02.12.2020 ALDI SUED 4,39
2020-12-25 09:43:40,292  - INFO - CSV geschrieben in Datei : /home/ich/Dokumente/Git/learnPython/Visa_import/dst/20201225-094340-Importfile.csv
2020-12-25 09:43:40,292  - INFO - #######################################  ENDE #####################################################
2020-12-25 09:43:41,396  - INFO - CSV file/home/ich/Dokumente/Git/learnPython/Visa_import/src/KKB-Umsätze.csv opened
2020-12-25 09:43:41,396  - INFO - Gelesen Reihe: 0 : ['\ufeff"20201225"']
2020-12-25 09:43:41,396  - INFO - Gelesen Reihe: 1 : ['Kreditkartennummer (teilmaskiert)', 'Transaktionsdatum', 'Buchungsdatum', 'Händler (Name, Stadt & Land)', 'Umsatzkategorie', 'Betrag in Fremdwährung', 'Einheit Fremdwährung', 'Umrechnungskurs', 'Betrag in Euro', 'Amazon Punkte', 'Prime Punkte']
2020-12-25 09:43:41,396  - INFO - Gelesen Reihe: 2 : ['*3011', '24.12.2020', '', 'Lidl Vertriebs GmbH & C', 'Lebensmittelgeschäfte', '8,14', 'EUR', '1,0000', '8,14', '0', '0']
2020-12-25 09:43:41,396  - INFO - Gelesen Reihe: 3 : ['*3011', '23.12.2020', '', 'PAYPAL *ONLINEPETSB', 'Shopping', '15,45', 'EUR', '1,0000', '15,45', '0', '0']
2020-12-25 09:43:41,397  - INFO - Gelesen Reihe: 4 : ['*3011', '23.12.2020', '24.12.2020', 'AMZ*AkkuShop-Deutsch', 'Shopping', '49,95', 'EUR', '1,0000', '49,95', '24', '0']
2020-12-25 09:43:41,397  - INFO - Geschrieben Reihe 4: 24.12.2020 AMZ*AkkuShop-Deutsch 49,95
2020-12-25 09:43:41,398  - INFO - Gelesen Reihe: 5 : ['*3011', '23.12.2020', '24.12.2020', 'Lidl Vertriebs GmbH & Co.', 'Lebensmittelgeschäfte', '29,92', 'EUR', '1,0000', '29,92', '14', '0']
2020-12-25 09:43:41,398  - INFO - Geschrieben Reihe 5: 24.12.2020 Lidl Vertriebs GmbH & Co. 29,92
2020-12-25 09:43:41,399  - INFO - Gelesen Reihe: 6 : ['*3011', '21.12.2020', '22.12.2020', 'MUELLER MH HANDELS GMB', 'Medizin', '2,04', 'EUR', '1,0000', '2,04', '1', '0']
2020-12-25 09:43:41,399  - INFO - Geschrieben Reihe 6: 22.12.2020 MUELLER MH HANDELS GMB 2,04
2020-12-25 09:43:41,400  - INFO - Gelesen Reihe: 7 : ['*3011', '21.12.2020', '22.12.2020', 'Lidl Vertriebs GmbH & Co.', 'Lebensmittelgeschäfte', '31,58', 'EUR', '1,0000', '31,58', '15', '0']
2020-12-25 09:43:41,400  - INFO - Geschrieben Reihe 7: 22.12.2020 Lidl Vertriebs GmbH & Co. 31,58
2020-12-25 09:43:41,400  - INFO - Gelesen Reihe: 8 : ['', '21.12.2020', '21.12.2020', '', 'Sonstiges', '1124,75', '', '1,0000', '-1124,75', '0', '0']
2020-12-25 09:43:41,401  - INFO - Geschrieben Reihe 8: 21.12.2020 Sparkasse Ausgleich Kreditkarte -1124,75
2020-12-25 09:43:41,401  - INFO - Gelesen Reihe: 9 : ['*3011', '20.12.2020', '22.12.2020', 'AMZN-RATENZA*MS23M2U14 WW', 'Shopping', '2,94', 'EUR', '1,0000', '2,94', '4', '2']
2020-12-25 09:43:41,401  - INFO - Geschrieben Reihe 9: 22.12.2020 AMZN-RATENZA*MS23M2U14 WW 2,94
2020-12-25 09:43:41,401  - INFO - Gelesen Reihe: 10 : ['*3011', '19.12.2020', '21.12.2020', 'MUELLER MH HANDELS GMB', 'Medizin', '3,88', 'EUR', '1,0000', '3,88', '1', '0']
2020-12-25 09:43:41,402  - INFO - Geschrieben Reihe 10: 21.12.2020 MUELLER MH HANDELS GMB 3,88
2020-12-25 09:43:41,402  - INFO - Gelesen Reihe: 11 : ['*3011', '19.12.2020', '20.12.2020', 'Lidl Vertriebs GmbH & Co.', 'Lebensmittelgeschäfte', '56,73', 'EUR', '1,0000', '56,73', '28', '0']
2020-12-25 09:43:41,402  - INFO - Geschrieben Reihe 11: 20.12.2020 Lidl Vertriebs GmbH & Co. 56,73
2020-12-25 09:43:41,402  - INFO - Gelesen Reihe: 12 : ['*3011', '18.12.2020', '19.12.2020', 'Audible Gmbh*MS4R232T4', 'Shopping', '9,95', 'EUR', '1,0000', '9,95', '4', '0']
2020-12-25 09:43:41,403  - INFO - Geschrieben Reihe 12: 19.12.2020 Audible Gmbh*MS4R232T4 9,95
2020-12-25 09:43:41,403  - INFO - Gelesen Reihe: 13 : ['*3011', '17.12.2020', '18.12.2020', 'AMAZON.DE AMAZON.DE', 'Shopping', '27,95', 'EUR', '1,0000', '27,95', '54', '27']
2020-12-25 09:43:41,403  - INFO - Geschrieben Reihe 13: 18.12.2020 AMAZON.DE AMAZON.DE 27,95
2020-12-25 09:43:41,403  - INFO - Gelesen Reihe: 14 : ['*3011', '16.12.2020', '18.12.2020', 'KAUFLAND INGOLSTADT 1323', 'Lebensmittelgeschäfte', '10,86', 'EUR', '1,0000', '10,86', '5', '0']
2020-12-25 09:43:41,404  - INFO - Geschrieben Reihe 14: 18.12.2020 KAUFLAND INGOLSTADT 1323 10,86
2020-12-25 09:43:41,404  - INFO - Gelesen Reihe: 15 : ['*3011', '16.12.2020', '17.12.2020', 'AMZN Mktp DE*MS8KS6HC4', 'Shopping', '79,99', 'EUR', '1,0000', '79,99', '158', '79']
2020-12-25 09:43:41,404  - INFO - Geschrieben Reihe 15: 17.12.2020 AMZN Mktp DE*MS8KS6HC4 79,99
2020-12-25 09:43:41,404  - INFO - Gelesen Reihe: 16 : ['*3011', '15.12.2020', '', 'Amazon *Mktplce EU-DE', 'Shopping', '79,99', 'EUR', '1,0000', '79,99', '0', '0']
2020-12-25 09:43:41,405  - INFO - Gelesen Reihe: 17 : ['*3011', '15.12.2020', '', 'Amazon *Mktplce EU-DE', 'Shopping', '79,99', 'EUR', '1,0000', '79,99', '0', '0']
2020-12-25 09:43:41,405  - INFO - Gelesen Reihe: 18 : ['*3011', '15.12.2020', '', 'GOOGLE *TEMPORARY HOLD', 'Sachbezogene Dienstleistungen', '0,00', 'EUR', '0,0000', '0,00', '0', '0']
2020-12-25 09:43:41,405  - INFO - Gelesen Reihe: 19 : ['*3011', '14.12.2020', '', 'TANKSTELLE C + C', 'Tankstellen', '100,00', 'EUR', '1,0000', '100,00', '0', '0']
2020-12-25 09:43:41,405  - INFO - Gelesen Reihe: 20 : ['*3011', '14.12.2020', '16.12.2020', 'KAUFLAND INGOLSTADT 1323', 'Lebensmittelgeschäfte', '49,19', 'EUR', '1,0000', '49,19', '24', '0']
2020-12-25 09:43:41,406  - INFO - Geschrieben Reihe 20: 16.12.2020 KAUFLAND INGOLSTADT 1323 49,19
2020-12-25 09:43:41,406  - INFO - Gelesen Reihe: 21 : ['*3011', '14.12.2020', '15.12.2020', 'Media Markt TV-HiFi-Elekt', 'Shopping', '119,74', 'EUR', '1,0000', '-119,74', '-59', '0']
2020-12-25 09:43:41,406  - INFO - Geschrieben Reihe 21: 15.12.2020 Media Markt TV-HiFi-Elekt -119,74
2020-12-25 09:43:41,406  - INFO - Gelesen Reihe: 22 : ['*3011', '14.12.2020', '15.12.2020', 'AMZ*Amazon.de', 'Shopping', '129,00', 'EUR', '1,0000', '-129,00', '-258', '-129']
2020-12-25 09:43:41,407  - INFO - Geschrieben Reihe 22: 15.12.2020 AMZ*Amazon.de -129,00
2020-12-25 09:43:41,407  - INFO - Gelesen Reihe: 23 : ['*3011', '14.12.2020', '15.12.2020', 'Tankstelle C + C', 'Tankstellen', '38,38', 'EUR', '1,0000', '38,38', '19', '0']
2020-12-25 09:43:41,407  - INFO - Geschrieben Reihe 23: 15.12.2020 Tankstelle C + C 38,38
2020-12-25 09:43:41,408  - INFO - Gelesen Reihe: 24 : ['*3011', '13.12.2020', '15.12.2020', 'PAYPAL *KLARSTEIN', 'Shopping', '29,49', 'EUR', '1,0000', '29,49', '14', '0']
2020-12-25 09:43:41,408  - INFO - Geschrieben Reihe 24: 15.12.2020 PAYPAL *KLARSTEIN 29,49
2020-12-25 09:43:41,408  - INFO - Gelesen Reihe: 25 : ['*3011', '12.12.2020', '14.12.2020', 'PAYPAL *ZOOLANDMARE', 'Shopping', '32,40', 'EUR', '1,0000', '32,40', '16', '0']
2020-12-25 09:43:41,408  - INFO - Geschrieben Reihe 25: 14.12.2020 PAYPAL *ZOOLANDMARE 32,40
2020-12-25 09:43:41,409  - INFO - Gelesen Reihe: 26 : ['*3011', '10.12.2020', '11.12.2020', 'FRISTO GETRAENKEMARKT 121', 'Shopping', '22,53', 'EUR', '1,0000', '22,53', '11', '0']
2020-12-25 09:43:41,409  - INFO - Geschrieben Reihe 26: 11.12.2020 FRISTO GETRAENKEMARKT 121 22,53
2020-12-25 09:43:41,409  - INFO - Gelesen Reihe: 27 : ['*3011', '10.12.2020', '11.12.2020', 'AMZN Mktp DE*MS3884NI4', 'Shopping', '14,50', 'EUR', '1,0000', '14,50', '28', '14']
2020-12-25 09:43:41,409  - INFO - Geschrieben Reihe 27: 11.12.2020 AMZN Mktp DE*MS3884NI4 14,50
2020-12-25 09:43:41,409  - INFO - Gelesen Reihe: 28 : ['*3011', '09.12.2020', '10.12.2020', 'EDEKA WEISSINGER', 'Lebensmittelgeschäfte', '5,46', 'EUR', '1,0000', '5,46', '2', '0']
2020-12-25 09:43:41,410  - INFO - Geschrieben Reihe 28: 10.12.2020 EDEKA WEISSINGER 5,46
2020-12-25 09:43:41,410  - INFO - Gelesen Reihe: 29 : ['*3011', '09.12.2020', '10.12.2020', 'EDEKA WEISSINGER', 'Lebensmittelgeschäfte', '23,49', 'EUR', '1,0000', '23,49', '11', '0']
2020-12-25 09:43:41,410  - INFO - Geschrieben Reihe 29: 10.12.2020 EDEKA WEISSINGER 23,49
2020-12-25 09:43:41,411  - INFO - Gelesen Reihe: 30 : ['*3011', '09.12.2020', '10.12.2020', 'ALDI SUED', 'Lebensmittelgeschäfte', '10,49', 'EUR', '1,0000', '10,49', '5', '0']
2020-12-25 09:43:41,411  - INFO - Geschrieben Reihe 30: 10.12.2020 ALDI SUED 10,49
2020-12-25 09:43:41,411  - INFO - Gelesen Reihe: 31 : ['*3011', '08.12.2020', '09.12.2020', 'GOOGLE *Google Play Ap', 'Sonstiges', '1,19', 'EUR', '1,0000', '1,19', '0', '0']
2020-12-25 09:43:41,412  - INFO - Geschrieben Reihe 31: 09.12.2020 GOOGLE *Google Play Ap 1,19
2020-12-25 09:43:41,412  - INFO - Gelesen Reihe: 32 : ['*3011', '07.12.2020', '08.12.2020', 'FENEBERG XL SO 9020', 'Lebensmittelgeschäfte', '62,14', 'EUR', '1,0000', '62,14', '31', '0']
2020-12-25 09:43:41,412  - INFO - Geschrieben Reihe 32: 08.12.2020 FENEBERG XL SO 9020 62,14
2020-12-25 09:43:41,412  - INFO - Gelesen Reihe: 33 : ['*3011', '06.12.2020', '07.12.2020', 'Kindle Svcs*MY78W4RA4', 'Shopping', '4,99', 'EUR', '1,0000', '4,99', '8', '4']
2020-12-25 09:43:41,413  - INFO - Geschrieben Reihe 33: 07.12.2020 Kindle Svcs*MY78W4RA4 4,99
2020-12-25 09:43:41,413  - INFO - Gelesen Reihe: 34 : ['*3011', '05.12.2020', '07.12.2020', 'MUELLER GMBH & CO.KG', 'Medizin', '9,53', 'EUR', '1,0000', '9,53', '4', '0']
2020-12-25 09:43:41,413  - INFO - Geschrieben Reihe 34: 07.12.2020 MUELLER GMBH & CO.KG 9,53
2020-12-25 09:43:41,414  - INFO - Gelesen Reihe: 35 : ['*3011', '04.12.2020', '05.12.2020', 'BACKHAUS HACKNER', 'Shopping', '7,35', 'EUR', '1,0000', '7,35', '3', '0']
2020-12-25 09:43:41,414  - INFO - Geschrieben Reihe 35: 05.12.2020 BACKHAUS HACKNER 7,35
2020-12-25 09:43:41,414  - INFO - Gelesen Reihe: 36 : ['*3011', '04.12.2020', '05.12.2020', 'ALDI SUED', 'Lebensmittelgeschäfte', '14,05', 'EUR', '1,0000', '14,05', '7', '0']
2020-12-25 09:43:41,414  - INFO - Geschrieben Reihe 36: 05.12.2020 ALDI SUED 14,05
2020-12-25 09:43:41,415  - INFO - Gelesen Reihe: 37 : ['*3011', '04.12.2020', '05.12.2020', 'Media Markt TV-HiFi-Elekt', 'Shopping', '119,74', 'EUR', '1,0000', '119,74', '59', '0']
2020-12-25 09:43:41,415  - INFO - Geschrieben Reihe 37: 05.12.2020 Media Markt TV-HiFi-Elekt 119,74
2020-12-25 09:43:41,415  - INFO - Gelesen Reihe: 38 : ['*3011', '03.12.2020', '', 'Amazon *Mktplce EU-DE', 'Shopping', '109,90', 'EUR', '1,0000', '109,90', '0', '0']
2020-12-25 09:43:41,416  - INFO - Gelesen Reihe: 39 : ['*3011', '01.12.2020', '02.12.2020', 'ALDI SUED', 'Lebensmittelgeschäfte', '4,39', 'EUR', '1,0000', '4,39', '2', '0']
2020-12-25 09:43:41,416  - INFO - Geschrieben Reihe 39: 02.12.2020 ALDI SUED 4,39
2020-12-25 09:43:41,416  - INFO - CSV geschrieben in Datei : /home/ich/Dokumente/Git/learnPython/Visa_import/dst/20201225-094341-Importfile.csv
2020-12-25 09:43:41,416  - INFO - #######################################  ENDE #####################################################
2020-12-25 09:43:42,330  - INFO - CSV file/home/ich/Dokumente/Git/learnPython/Visa_import/src/KKB-Umsätze.csv opened
2020-12-25 09:43:42,330  - INFO - Gelesen Reihe: 0 : ['\ufeff"20201225"']
2020-12-25 09:43:42,331  - INFO - Gelesen Reihe: 1 : ['Kreditkartennummer (teilmaskiert)', 'Transaktionsdatum', 'Buchungsdatum', 'Händler (Name, Stadt & Land)', 'Umsatzkategorie', 'Betrag in Fremdwährung', 'Einheit Fremdwährung', 'Umrechnungskurs', 'Betrag in Euro', 'Amazon Punkte', 'Prime Punkte']
2020-12-25 09:43:42,331  - INFO - Gelesen Reihe: 2 : ['*3011', '24.12.2020', '', 'Lidl Vertriebs GmbH & C', 'Lebensmittelgeschäfte', '8,14', 'EUR', '1,0000', '8,14', '0', '0']
2020-12-25 09:43:42,332  - INFO - Gelesen Reihe: 3 : ['*3011', '23.12.2020', '', 'PAYPAL *ONLINEPETSB', 'Shopping', '15,45', 'EUR', '1,0000', '15,45', '0', '0']
2020-12-25 09:43:42,332  - INFO - Gelesen Reihe: 4 : ['*3011', '23.12.2020', '24.12.2020', 'AMZ*AkkuShop-Deutsch', 'Shopping', '49,95', 'EUR', '1,0000', '49,95', '24', '0']
2020-12-25 09:43:42,332  - INFO - Geschrieben Reihe 4: 24.12.2020 AMZ*AkkuShop-Deutsch 49,95
2020-12-25 09:43:42,333  - INFO - Gelesen Reihe: 5 : ['*3011', '23.12.2020', '24.12.2020', 'Lidl Vertriebs GmbH & Co.', 'Lebensmittelgeschäfte', '29,92', 'EUR', '1,0000', '29,92', '14', '0']
2020-12-25 09:43:42,333  - INFO - Geschrieben Reihe 5: 24.12.2020 Lidl Vertriebs GmbH & Co. 29,92
2020-12-25 09:43:42,334  - INFO - Gelesen Reihe: 6 : ['*3011', '21.12.2020', '22.12.2020', 'MUELLER MH HANDELS GMB', 'Medizin', '2,04', 'EUR', '1,0000', '2,04', '1', '0']
2020-12-25 09:43:42,334  - INFO - Geschrieben Reihe 6: 22.12.2020 MUELLER MH HANDELS GMB 2,04
2020-12-25 09:43:42,334  - INFO - Gelesen Reihe: 7 : ['*3011', '21.12.2020', '22.12.2020', 'Lidl Vertriebs GmbH & Co.', 'Lebensmittelgeschäfte', '31,58', 'EUR', '1,0000', '31,58', '15', '0']
2020-12-25 09:43:42,335  - INFO - Geschrieben Reihe 7: 22.12.2020 Lidl Vertriebs GmbH & Co. 31,58
2020-12-25 09:43:42,335  - INFO - Gelesen Reihe: 8 : ['', '21.12.2020', '21.12.2020', '', 'Sonstiges', '1124,75', '', '1,0000', '-1124,75', '0', '0']
2020-12-25 09:43:42,335  - INFO - Geschrieben Reihe 8: 21.12.2020 Sparkasse Ausgleich Kreditkarte -1124,75
2020-12-25 09:43:42,336  - INFO - Gelesen Reihe: 9 : ['*3011', '20.12.2020', '22.12.2020', 'AMZN-RATENZA*MS23M2U14 WW', 'Shopping', '2,94', 'EUR', '1,0000', '2,94', '4', '2']
2020-12-25 09:43:42,336  - INFO - Geschrieben Reihe 9: 22.12.2020 AMZN-RATENZA*MS23M2U14 WW 2,94
2020-12-25 09:43:42,336  - INFO - Gelesen Reihe: 10 : ['*3011', '19.12.2020', '21.12.2020', 'MUELLER MH HANDELS GMB', 'Medizin', '3,88', 'EUR', '1,0000', '3,88', '1', '0']
2020-12-25 09:43:42,337  - INFO - Geschrieben Reihe 10: 21.12.2020 MUELLER MH HANDELS GMB 3,88
2020-12-25 09:43:42,337  - INFO - Gelesen Reihe: 11 : ['*3011', '19.12.2020', '20.12.2020', 'Lidl Vertriebs GmbH & Co.', 'Lebensmittelgeschäfte', '56,73', 'EUR', '1,0000', '56,73', '28', '0']
2020-12-25 09:43:42,337  - INFO - Geschrieben Reihe 11: 20.12.2020 Lidl Vertriebs GmbH & Co. 56,73
2020-12-25 09:43:42,338  - INFO - Gelesen Reihe: 12 : ['*3011', '18.12.2020', '19.12.2020', 'Audible Gmbh*MS4R232T4', 'Shopping', '9,95', 'EUR', '1,0000', '9,95', '4', '0']
2020-12-25 09:43:42,338  - INFO - Geschrieben Reihe 12: 19.12.2020 Audible Gmbh*MS4R232T4 9,95
2020-12-25 09:43:42,342  - INFO - Gelesen Reihe: 13 : ['*3011', '17.12.2020', '18.12.2020', 'AMAZON.DE AMAZON.DE', 'Shopping', '27,95', 'EUR', '1,0000', '27,95', '54', '27']
2020-12-25 09:43:42,343  - INFO - Geschrieben Reihe 13: 18.12.2020 AMAZON.DE AMAZON.DE 27,95
2020-12-25 09:43:42,343  - INFO - Gelesen Reihe: 14 : ['*3011', '16.12.2020', '18.12.2020', 'KAUFLAND INGOLSTADT 1323', 'Lebensmittelgeschäfte', '10,86', 'EUR', '1,0000', '10,86', '5', '0']
2020-12-25 09:43:42,343  - INFO - Geschrieben Reihe 14: 18.12.2020 KAUFLAND INGOLSTADT 1323 10,86
2020-12-25 09:43:42,344  - INFO - Gelesen Reihe: 15 : ['*3011', '16.12.2020', '17.12.2020', 'AMZN Mktp DE*MS8KS6HC4', 'Shopping', '79,99', 'EUR', '1,0000', '79,99', '158', '79']
2020-12-25 09:43:42,344  - INFO - Geschrieben Reihe 15: 17.12.2020 AMZN Mktp DE*MS8KS6HC4 79,99
2020-12-25 09:43:42,344  - INFO - Gelesen Reihe: 16 : ['*3011', '15.12.2020', '', 'Amazon *Mktplce EU-DE', 'Shopping', '79,99', 'EUR', '1,0000', '79,99', '0', '0']
2020-12-25 09:43:42,344  - INFO - Gelesen Reihe: 17 : ['*3011', '15.12.2020', '', 'Amazon *Mktplce EU-DE', 'Shopping', '79,99', 'EUR', '1,0000', '79,99', '0', '0']
2020-12-25 09:43:42,345  - INFO - Gelesen Reihe: 18 : ['*3011', '15.12.2020', '', 'GOOGLE *TEMPORARY HOLD', 'Sachbezogene Dienstleistungen', '0,00', 'EUR', '0,0000', '0,00', '0', '0']
2020-12-25 09:43:42,345  - INFO - Gelesen Reihe: 19 : ['*3011', '14.12.2020', '', 'TANKSTELLE C + C', 'Tankstellen', '100,00', 'EUR', '1,0000', '100,00', '0', '0']
2020-12-25 09:43:42,345  - INFO - Gelesen Reihe: 20 : ['*3011', '14.12.2020', '16.12.2020', 'KAUFLAND INGOLSTADT 1323', 'Lebensmittelgeschäfte', '49,19', 'EUR', '1,0000', '49,19', '24', '0']
2020-12-25 09:43:42,345  - INFO - Geschrieben Reihe 20: 16.12.2020 KAUFLAND INGOLSTADT 1323 49,19
2020-12-25 09:43:42,346  - INFO - Gelesen Reihe: 21 : ['*3011', '14.12.2020', '15.12.2020', 'Media Markt TV-HiFi-Elekt', 'Shopping', '119,74', 'EUR', '1,0000', '-119,74', '-59', '0']
2020-12-25 09:43:42,346  - INFO - Geschrieben Reihe 21: 15.12.2020 Media Markt TV-HiFi-Elekt -119,74
2020-12-25 09:43:42,346  - INFO - Gelesen Reihe: 22 : ['*3011', '14.12.2020', '15.12.2020', 'AMZ*Amazon.de', 'Shopping', '129,00', 'EUR', '1,0000', '-129,00', '-258', '-129']
2020-12-25 09:43:42,346  - INFO - Geschrieben Reihe 22: 15.12.2020 AMZ*Amazon.de -129,00
2020-12-25 09:43:42,346  - INFO - Gelesen Reihe: 23 : ['*3011', '14.12.2020', '15.12.2020', 'Tankstelle C + C', 'Tankstellen', '38,38', 'EUR', '1,0000', '38,38', '19', '0']
2020-12-25 09:43:42,347  - INFO - Geschrieben Reihe 23: 15.12.2020 Tankstelle C + C 38,38
2020-12-25 09:43:42,347  - INFO - Gelesen Reihe: 24 : ['*3011', '13.12.2020', '15.12.2020', 'PAYPAL *KLARSTEIN', 'Shopping', '29,49', 'EUR', '1,0000', '29,49', '14', '0']
2020-12-25 09:43:42,347  - INFO - Geschrieben Reihe 24: 15.12.2020 PAYPAL *KLARSTEIN 29,49
2020-12-25 09:43:42,347  - INFO - Gelesen Reihe: 25 : ['*3011', '12.12.2020', '14.12.2020', 'PAYPAL *ZOOLANDMARE', 'Shopping', '32,40', 'EUR', '1,0000', '32,40', '16', '0']
2020-12-25 09:43:42,348  - INFO - Geschrieben Reihe 25: 14.12.2020 PAYPAL *ZOOLANDMARE 32,40
2020-12-25 09:43:42,348  - INFO - Gelesen Reihe: 26 : ['*3011', '10.12.2020', '11.12.2020', 'FRISTO GETRAENKEMARKT 121', 'Shopping', '22,53', 'EUR', '1,0000', '22,53', '11', '0']
2020-12-25 09:43:42,348  - INFO - Geschrieben Reihe 26: 11.12.2020 FRISTO GETRAENKEMARKT 121 22,53
2020-12-25 09:43:42,348  - INFO - Gelesen Reihe: 27 : ['*3011', '10.12.2020', '11.12.2020', 'AMZN Mktp DE*MS3884NI4', 'Shopping', '14,50', 'EUR', '1,0000', '14,50', '28', '14']
2020-12-25 09:43:42,348  - INFO - Geschrieben Reihe 27: 11.12.2020 AMZN Mktp DE*MS3884NI4 14,50
2020-12-25 09:43:42,349  - INFO - Gelesen Reihe: 28 : ['*3011', '09.12.2020', '10.12.2020', 'EDEKA WEISSINGER', 'Lebensmittelgeschäfte', '5,46', 'EUR', '1,0000', '5,46', '2', '0']
2020-12-25 09:43:42,349  - INFO - Geschrieben Reihe 28: 10.12.2020 EDEKA WEISSINGER 5,46
2020-12-25 09:43:42,349  - INFO - Gelesen Reihe: 29 : ['*3011', '09.12.2020', '10.12.2020', 'EDEKA WEISSINGER', 'Lebensmittelgeschäfte', '23,49', 'EUR', '1,0000', '23,49', '11', '0']
2020-12-25 09:43:42,349  - INFO - Geschrieben Reihe 29: 10.12.2020 EDEKA WEISSINGER 23,49
2020-12-25 09:43:42,350  - INFO - Gelesen Reihe: 30 : ['*3011', '09.12.2020', '10.12.2020', 'ALDI SUED', 'Lebensmittelgeschäfte', '10,49', 'EUR', '1,0000', '10,49', '5', '0']
2020-12-25 09:43:42,350  - INFO - Geschrieben Reihe 30: 10.12.2020 ALDI SUED 10,49
2020-12-25 09:43:42,350  - INFO - Gelesen Reihe: 31 : ['*3011', '08.12.2020', '09.12.2020', 'GOOGLE *Google Play Ap', 'Sonstiges', '1,19', 'EUR', '1,0000', '1,19', '0', '0']
2020-12-25 09:43:42,350  - INFO - Geschrieben Reihe 31: 09.12.2020 GOOGLE *Google Play Ap 1,19
2020-12-25 09:43:42,351  - INFO - Gelesen Reihe: 32 : ['*3011', '07.12.2020', '08.12.2020', 'FENEBERG XL SO 9020', 'Lebensmittelgeschäfte', '62,14', 'EUR', '1,0000', '62,14', '31', '0']
2020-12-25 09:43:42,351  - INFO - Geschrieben Reihe 32: 08.12.2020 FENEBERG XL SO 9020 62,14
2020-12-25 09:43:42,351  - INFO - Gelesen Reihe: 33 : ['*3011', '06.12.2020', '07.12.2020', 'Kindle Svcs*MY78W4RA4', 'Shopping', '4,99', 'EUR', '1,0000', '4,99', '8', '4']
2020-12-25 09:43:42,351  - INFO - Geschrieben Reihe 33: 07.12.2020 Kindle Svcs*MY78W4RA4 4,99
2020-12-25 09:43:42,352  - INFO - Gelesen Reihe: 34 : ['*3011', '05.12.2020', '07.12.2020', 'MUELLER GMBH & CO.KG', 'Medizin', '9,53', 'EUR', '1,0000', '9,53', '4', '0']
2020-12-25 09:43:42,352  - INFO - Geschrieben Reihe 34: 07.12.2020 MUELLER GMBH & CO.KG 9,53
2020-12-25 09:43:42,352  - INFO - Gelesen Reihe: 35 : ['*3011', '04.12.2020', '05.12.2020', 'BACKHAUS HACKNER', 'Shopping', '7,35', 'EUR', '1,0000', '7,35', '3', '0']
2020-12-25 09:43:42,353  - INFO - Geschrieben Reihe 35: 05.12.2020 BACKHAUS HACKNER 7,35
2020-12-25 09:43:42,353  - INFO - Gelesen Reihe: 36 : ['*3011', '04.12.2020', '05.12.2020', 'ALDI SUED', 'Lebensmittelgeschäfte', '14,05', 'EUR', '1,0000', '14,05', '7', '0']
2020-12-25 09:43:42,353  - INFO - Geschrieben Reihe 36: 05.12.2020 ALDI SUED 14,05
2020-12-25 09:43:42,353  - INFO - Gelesen Reihe: 37 : ['*3011', '04.12.2020', '05.12.2020', 'Media Markt TV-HiFi-Elekt', 'Shopping', '119,74', 'EUR', '1,0000', '119,74', '59', '0']
2020-12-25 09:43:42,354  - INFO - Geschrieben Reihe 37: 05.12.2020 Media Markt TV-HiFi-Elekt 119,74
2020-12-25 09:43:42,354  - INFO - Gelesen Reihe: 38 : ['*3011', '03.12.2020', '', 'Amazon *Mktplce EU-DE', 'Shopping', '109,90', 'EUR', '1,0000', '109,90', '0', '0']
2020-12-25 09:43:42,354  - INFO - Gelesen Reihe: 39 : ['*3011', '01.12.2020', '02.12.2020', 'ALDI SUED', 'Lebensmittelgeschäfte', '4,39', 'EUR', '1,0000', '4,39', '2', '0']
2020-12-25 09:43:42,354  - INFO - Geschrieben Reihe 39: 02.12.2020 ALDI SUED 4,39
2020-12-25 09:43:42,355  - INFO - CSV geschrieben in Datei : /home/ich/Dokumente/Git/learnPython/Visa_import/dst/20201225-094342-Importfile.csv
2020-12-25 09:43:42,355  - INFO - #######################################  ENDE #####################################################
2020-12-25 09:43:43,085  - INFO - CSV file/home/ich/Dokumente/Git/learnPython/Visa_import/src/KKB-Umsätze.csv opened
2020-12-25 09:43:43,085  - INFO - Gelesen Reihe: 0 : ['\ufeff"20201225"']
2020-12-25 09:43:43,086  - INFO - Gelesen Reihe: 1 : ['Kreditkartennummer (teilmaskiert)', 'Transaktionsdatum', 'Buchungsdatum', 'Händler (Name, Stadt & Land)', 'Umsatzkategorie', 'Betrag in Fremdwährung', 'Einheit Fremdwährung', 'Umrechnungskurs', 'Betrag in Euro', 'Amazon Punkte', 'Prime Punkte']
2020-12-25 09:43:43,086  - INFO - Gelesen Reihe: 2 : ['*3011', '24.12.2020', '', 'Lidl Vertriebs GmbH & C', 'Lebensmittelgeschäfte', '8,14', 'EUR', '1,0000', '8,14', '0', '0']
2020-12-25 09:43:43,086  - INFO - Gelesen Reihe: 3 : ['*3011', '23.12.2020', '', 'PAYPAL *ONLINEPETSB', 'Shopping', '15,45', 'EUR', '1,0000', '15,45', '0', '0']
2020-12-25 09:43:43,087  - INFO - Gelesen Reihe: 4 : ['*3011', '23.12.2020', '24.12.2020', 'AMZ*AkkuShop-Deutsch', 'Shopping', '49,95', 'EUR', '1,0000', '49,95', '24', '0']
2020-12-25 09:43:43,087  - INFO - Geschrieben Reihe 4: 24.12.2020 AMZ*AkkuShop-Deutsch 49,95
2020-12-25 09:43:43,087  - INFO - Gelesen Reihe: 5 : ['*3011', '23.12.2020', '24.12.2020', 'Lidl Vertriebs GmbH & Co.', 'Lebensmittelgeschäfte', '29,92', 'EUR', '1,0000', '29,92', '14', '0']
2020-12-25 09:43:43,087  - INFO - Geschrieben Reihe 5: 24.12.2020 Lidl Vertriebs GmbH & Co. 29,92
2020-12-25 09:43:43,088  - INFO - Gelesen Reihe: 6 : ['*3011', '21.12.2020', '22.12.2020', 'MUELLER MH HANDELS GMB', 'Medizin', '2,04', 'EUR', '1,0000', '2,04', '1', '0']
2020-12-25 09:43:43,088  - INFO - Geschrieben Reihe 6: 22.12.2020 MUELLER MH HANDELS GMB 2,04
2020-12-25 09:43:43,088  - INFO - Gelesen Reihe: 7 : ['*3011', '21.12.2020', '22.12.2020', 'Lidl Vertriebs GmbH & Co.', 'Lebensmittelgeschäfte', '31,58', 'EUR', '1,0000', '31,58', '15', '0']
2020-12-25 09:43:43,088  - INFO - Geschrieben Reihe 7: 22.12.2020 Lidl Vertriebs GmbH & Co. 31,58
2020-12-25 09:43:43,088  - INFO - Gelesen Reihe: 8 : ['', '21.12.2020', '21.12.2020', '', 'Sonstiges', '1124,75', '', '1,0000', '-1124,75', '0', '0']
2020-12-25 09:43:43,089  - INFO - Geschrieben Reihe 8: 21.12.2020 Sparkasse Ausgleich Kreditkarte -1124,75
2020-12-25 09:43:43,089  - INFO - Gelesen Reihe: 9 : ['*3011', '20.12.2020', '22.12.2020', 'AMZN-RATENZA*MS23M2U14 WW', 'Shopping', '2,94', 'EUR', '1,0000', '2,94', '4', '2']
2020-12-25 09:43:43,089  - INFO - Geschrieben Reihe 9: 22.12.2020 AMZN-RATENZA*MS23M2U14 WW 2,94
2020-12-25 09:43:43,089  - INFO - Gelesen Reihe: 10 : ['*3011', '19.12.2020', '21.12.2020', 'MUELLER MH HANDELS GMB', 'Medizin', '3,88', 'EUR', '1,0000', '3,88', '1', '0']
2020-12-25 09:43:43,090  - INFO - Geschrieben Reihe 10: 21.12.2020 MUELLER MH HANDELS GMB 3,88
2020-12-25 09:43:43,091  - INFO - Gelesen Reihe: 11 : ['*3011', '19.12.2020', '20.12.2020', 'Lidl Vertriebs GmbH & Co.', 'Lebensmittelgeschäfte', '56,73', 'EUR', '1,0000', '56,73', '28', '0']
2020-12-25 09:43:43,091  - INFO - Geschrieben Reihe 11: 20.12.2020 Lidl Vertriebs GmbH & Co. 56,73
2020-12-25 09:43:43,091  - INFO - Gelesen Reihe: 12 : ['*3011', '18.12.2020', '19.12.2020', 'Audible Gmbh*MS4R232T4', 'Shopping', '9,95', 'EUR', '1,0000', '9,95', '4', '0']
2020-12-25 09:43:43,092  - INFO - Geschrieben Reihe 12: 19.12.2020 Audible Gmbh*MS4R232T4 9,95
2020-12-25 09:43:43,092  - INFO - Gelesen Reihe: 13 : ['*3011', '17.12.2020', '18.12.2020', 'AMAZON.DE AMAZON.DE', 'Shopping', '27,95', 'EUR', '1,0000', '27,95', '54', '27']
2020-12-25 09:43:43,092  - INFO - Geschrieben Reihe 13: 18.12.2020 AMAZON.DE AMAZON.DE 27,95
2020-12-25 09:43:43,092  - INFO - Gelesen Reihe: 14 : ['*3011', '16.12.2020', '18.12.2020', 'KAUFLAND INGOLSTADT 1323', 'Lebensmittelgeschäfte', '10,86', 'EUR', '1,0000', '10,86', '5', '0']
2020-12-25 09:43:43,093  - INFO - Geschrieben Reihe 14: 18.12.2020 KAUFLAND INGOLSTADT 1323 10,86
2020-12-25 09:43:43,093  - INFO - Gelesen Reihe: 15 : ['*3011', '16.12.2020', '17.12.2020', 'AMZN Mktp DE*MS8KS6HC4', 'Shopping', '79,99', 'EUR', '1,0000', '79,99', '158', '79']
2020-12-25 09:43:43,093  - INFO - Geschrieben Reihe 15: 17.12.2020 AMZN Mktp DE*MS8KS6HC4 79,99
2020-12-25 09:43:43,093  - INFO - Gelesen Reihe: 16 : ['*3011', '15.12.2020', '', 'Amazon *Mktplce EU-DE', 'Shopping', '79,99', 'EUR', '1,0000', '79,99', '0', '0']
2020-12-25 09:43:43,094  - INFO - Gelesen Reihe: 17 : ['*3011', '15.12.2020', '', 'Amazon *Mktplce EU-DE', 'Shopping', '79,99', 'EUR', '1,0000', '79,99', '0', '0']
2020-12-25 09:43:43,094  - INFO - Gelesen Reihe: 18 : ['*3011', '15.12.2020', '', 'GOOGLE *TEMPORARY HOLD', 'Sachbezogene Dienstleistungen', '0,00', 'EUR', '0,0000', '0,00', '0', '0']
2020-12-25 09:43:43,094  - INFO - Gelesen Reihe: 19 : ['*3011', '14.12.2020', '', 'TANKSTELLE C + C', 'Tankstellen', '100,00', 'EUR', '1,0000', '100,00', '0', '0']
2020-12-25 09:43:43,095  - INFO - Gelesen Reihe: 20 : ['*3011', '14.12.2020', '16.12.2020', 'KAUFLAND INGOLSTADT 1323', 'Lebensmittelgeschäfte', '49,19', 'EUR', '1,0000', '49,19', '24', '0']
2020-12-25 09:43:43,095  - INFO - Geschrieben Reihe 20: 16.12.2020 KAUFLAND INGOLSTADT 1323 49,19
2020-12-25 09:43:43,095  - INFO - Gelesen Reihe: 21 : ['*3011', '14.12.2020', '15.12.2020', 'Media Markt TV-HiFi-Elekt', 'Shopping', '119,74', 'EUR', '1,0000', '-119,74', '-59', '0']
2020-12-25 09:43:43,096  - INFO - Geschrieben Reihe 21: 15.12.2020 Media Markt TV-HiFi-Elekt -119,74
2020-12-25 09:43:43,096  - INFO - Gelesen Reihe: 22 : ['*3011', '14.12.2020', '15.12.2020', 'AMZ*Amazon.de', 'Shopping', '129,00', 'EUR', '1,0000', '-129,00', '-258', '-129']
2020-12-25 09:43:43,096  - INFO - Geschrieben Reihe 22: 15.12.2020 AMZ*Amazon.de -129,00
2020-12-25 09:43:43,096  - INFO - Gelesen Reihe: 23 : ['*3011', '14.12.2020', '15.12.2020', 'Tankstelle C + C', 'Tankstellen', '38,38', 'EUR', '1,0000', '38,38', '19', '0']
2020-12-25 09:43:43,097  - INFO - Geschrieben Reihe 23: 15.12.2020 Tankstelle C + C 38,38
2020-12-25 09:43:43,097  - INFO - Gelesen Reihe: 24 : ['*3011', '13.12.2020', '15.12.2020', 'PAYPAL *KLARSTEIN', 'Shopping', '29,49', 'EUR', '1,0000', '29,49', '14', '0']
2020-12-25 09:43:43,098  - INFO - Geschrieben Reihe 24: 15.12.2020 PAYPAL *KLARSTEIN 29,49
2020-12-25 09:43:43,098  - INFO - Gelesen Reihe: 25 : ['*3011', '12.12.2020', '14.12.2020', 'PAYPAL *ZOOLANDMARE', 'Shopping', '32,40', 'EUR', '1,0000', '32,40', '16', '0']
2020-12-25 09:43:43,098  - INFO - Geschrieben Reihe 25: 14.12.2020 PAYPAL *ZOOLANDMARE 32,40
2020-12-25 09:43:43,098  - INFO - Gelesen Reihe: 26 : ['*3011', '10.12.2020', '11.12.2020', 'FRISTO GETRAENKEMARKT 121', 'Shopping', '22,53', 'EUR', '1,0000', '22,53', '11', '0']
2020-12-25 09:43:43,098  - INFO - Geschrieben Reihe 26: 11.12.2020 FRISTO GETRAENKEMARKT 121 22,53
2020-12-25 09:43:43,099  - INFO - Gelesen Reihe: 27 : ['*3011', '10.12.2020', '11.12.2020', 'AMZN Mktp DE*MS3884NI4', 'Shopping', '14,50', 'EUR', '1,0000', '14,50', '28', '14']
2020-12-25 09:43:43,099  - INFO - Geschrieben Reihe 27: 11.12.2020 AMZN Mktp DE*MS3884NI4 14,50
2020-12-25 09:43:43,099  - INFO - Gelesen Reihe: 28 : ['*3011', '09.12.2020', '10.12.2020', 'EDEKA WEISSINGER', 'Lebensmittelgeschäfte', '5,46', 'EUR', '1,0000', '5,46', '2', '0']
2020-12-25 09:43:43,099  - INFO - Geschrieben Reihe 28: 10.12.2020 EDEKA WEISSINGER 5,46
2020-12-25 09:43:43,100  - INFO - Gelesen Reihe: 29 : ['*3011', '09.12.2020', '10.12.2020', 'EDEKA WEISSINGER', 'Lebensmittelgeschäfte', '23,49', 'EUR', '1,0000', '23,49', '11', '0']
2020-12-25 09:43:43,100  - INFO - Geschrieben Reihe 29: 10.12.2020 EDEKA WEISSINGER 23,49
2020-12-25 09:43:43,100  - INFO - Gelesen Reihe: 30 : ['*3011', '09.12.2020', '10.12.2020', 'ALDI SUED', 'Lebensmittelgeschäfte', '10,49', 'EUR', '1,0000', '10,49', '5', '0']
2020-12-25 09:43:43,100  - INFO - Geschrieben Reihe 30: 10.12.2020 ALDI SUED 10,49
2020-12-25 09:43:43,100  - INFO - Gelesen Reihe: 31 : ['*3011', '08.12.2020', '09.12.2020', 'GOOGLE *Google Play Ap', 'Sonstiges', '1,19', 'EUR', '1,0000', '1,19', '0', '0']
2020-12-25 09:43:43,101  - INFO - Geschrieben Reihe 31: 09.12.2020 GOOGLE *Google Play Ap 1,19
2020-12-25 09:43:43,101  - INFO - Gelesen Reihe: 32 : ['*3011', '07.12.2020', '08.12.2020', 'FENEBERG XL SO 9020', 'Lebensmittelgeschäfte', '62,14', 'EUR', '1,0000', '62,14', '31', '0']
2020-12-25 09:43:43,101  - INFO - Geschrieben Reihe 32: 08.12.2020 FENEBERG XL SO 9020 62,14
2020-12-25 09:43:43,101  - INFO - Gelesen Reihe: 33 : ['*3011', '06.12.2020', '07.12.2020', 'Kindle Svcs*MY78W4RA4', 'Shopping', '4,99', 'EUR', '1,0000', '4,99', '8', '4']
2020-12-25 09:43:43,101  - INFO - Geschrieben Reihe 33: 07.12.2020 Kindle Svcs*MY78W4RA4 4,99
2020-12-25 09:43:43,102  - INFO - Gelesen Reihe: 34 : ['*3011', '05.12.2020', '07.12.2020', 'MUELLER GMBH & CO.KG', 'Medizin', '9,53', 'EUR', '1,0000', '9,53', '4', '0']
2020-12-25 09:43:43,102  - INFO - Geschrieben Reihe 34: 07.12.2020 MUELLER GMBH & CO.KG 9,53
2020-12-25 09:43:43,102  - INFO - Gelesen Reihe: 35 : ['*3011', '04.12.2020', '05.12.2020', 'BACKHAUS HACKNER', 'Shopping', '7,35', 'EUR', '1,0000', '7,35', '3', '0']
2020-12-25 09:43:43,102  - INFO - Geschrieben Reihe 35: 05.12.2020 BACKHAUS HACKNER 7,35
2020-12-25 09:43:43,102  - INFO - Gelesen Reihe: 36 : ['*3011', '04.12.2020', '05.12.2020', 'ALDI SUED', 'Lebensmittelgeschäfte', '14,05', 'EUR', '1,0000', '14,05', '7', '0']
2020-12-25 09:43:43,103  - INFO - Geschrieben Reihe 36: 05.12.2020 ALDI SUED 14,05
2020-12-25 09:43:43,103  - INFO - Gelesen Reihe: 37 : ['*3011', '04.12.2020', '05.12.2020', 'Media Markt TV-HiFi-Elekt', 'Shopping', '119,74', 'EUR', '1,0000', '119,74', '59', '0']
2020-12-25 09:43:43,103  - INFO - Geschrieben Reihe 37: 05.12.2020 Media Markt TV-HiFi-Elekt 119,74
2020-12-25 09:43:43,103  - INFO - Gelesen Reihe: 38 : ['*3011', '03.12.2020', '', 'Amazon *Mktplce EU-DE', 'Shopping', '109,90', 'EUR', '1,0000', '109,90', '0', '0']
2020-12-25 09:43:43,103  - INFO - Gelesen Reihe: 39 : ['*3011', '01.12.2020', '02.12.2020', 'ALDI SUED', 'Lebensmittelgeschäfte', '4,39', 'EUR', '1,0000', '4,39', '2', '0']
2020-12-25 09:43:43,104  - INFO - Geschrieben Reihe 39: 02.12.2020 ALDI SUED 4,39
2020-12-25 09:43:43,104  - INFO - CSV geschrieben in Datei : /home/ich/Dokumente/Git/learnPython/Visa_import/dst/20201225-094343-Importfile.csv
2020-12-25 09:43:43,104  - INFO - #######################################  ENDE #####################################################
2020-12-25 09:43:43,636  - INFO - CSV file/home/ich/Dokumente/Git/learnPython/Visa_import/src/KKB-Umsätze.csv opened
2020-12-25 09:43:43,637  - INFO - Gelesen Reihe: 0 : ['\ufeff"20201225"']
2020-12-25 09:43:43,637  - INFO - Gelesen Reihe: 1 : ['Kreditkartennummer (teilmaskiert)', 'Transaktionsdatum', 'Buchungsdatum', 'Händler (Name, Stadt & Land)', 'Umsatzkategorie', 'Betrag in Fremdwährung', 'Einheit Fremdwährung', 'Umrechnungskurs', 'Betrag in Euro', 'Amazon Punkte', 'Prime Punkte']
2020-12-25 09:43:43,638  - INFO - Gelesen Reihe: 2 : ['*3011', '24.12.2020', '', 'Lidl Vertriebs GmbH & C', 'Lebensmittelgeschäfte', '8,14', 'EUR', '1,0000', '8,14', '0', '0']
2020-12-25 09:43:43,638  - INFO - Gelesen Reihe: 3 : ['*3011', '23.12.2020', '', 'PAYPAL *ONLINEPETSB', 'Shopping', '15,45', 'EUR', '1,0000', '15,45', '0', '0']
2020-12-25 09:43:43,638  - INFO - Gelesen Reihe: 4 : ['*3011', '23.12.2020', '24.12.2020', 'AMZ*AkkuShop-Deutsch', 'Shopping', '49,95', 'EUR', '1,0000', '49,95', '24', '0']
2020-12-25 09:43:43,638  - INFO - Geschrieben Reihe 4: 24.12.2020 AMZ*AkkuShop-Deutsch 49,95
2020-12-25 09:43:43,639  - INFO - Gelesen Reihe: 5 : ['*3011', '23.12.2020', '24.12.2020', 'Lidl Vertriebs GmbH & Co.', 'Lebensmittelgeschäfte', '29,92', 'EUR', '1,0000', '29,92', '14', '0']
2020-12-25 09:43:43,639  - INFO - Geschrieben Reihe 5: 24.12.2020 Lidl Vertriebs GmbH & Co. 29,92
2020-12-25 09:43:43,639  - INFO - Gelesen Reihe: 6 : ['*3011', '21.12.2020', '22.12.2020', 'MUELLER MH HANDELS GMB', 'Medizin', '2,04', 'EUR', '1,0000', '2,04', '1', '0']
2020-12-25 09:43:43,640  - INFO - Geschrieben Reihe 6: 22.12.2020 MUELLER MH HANDELS GMB 2,04
2020-12-25 09:43:43,640  - INFO - Gelesen Reihe: 7 : ['*3011', '21.12.2020', '22.12.2020', 'Lidl Vertriebs GmbH & Co.', 'Lebensmittelgeschäfte', '31,58', 'EUR', '1,0000', '31,58', '15', '0']
2020-12-25 09:43:43,640  - INFO - Geschrieben Reihe 7: 22.12.2020 Lidl Vertriebs GmbH & Co. 31,58
2020-12-25 09:43:43,640  - INFO - Gelesen Reihe: 8 : ['', '21.12.2020', '21.12.2020', '', 'Sonstiges', '1124,75', '', '1,0000', '-1124,75', '0', '0']
2020-12-25 09:43:43,641  - INFO - Geschrieben Reihe 8: 21.12.2020 Sparkasse Ausgleich Kreditkarte -1124,75
2020-12-25 09:43:43,641  - INFO - Gelesen Reihe: 9 : ['*3011', '20.12.2020', '22.12.2020', 'AMZN-RATENZA*MS23M2U14 WW', 'Shopping', '2,94', 'EUR', '1,0000', '2,94', '4', '2']
2020-12-25 09:43:43,641  - INFO - Geschrieben Reihe 9: 22.12.2020 AMZN-RATENZA*MS23M2U14 WW 2,94
2020-12-25 09:43:43,641  - INFO - Gelesen Reihe: 10 : ['*3011', '19.12.2020', '21.12.2020', 'MUELLER MH HANDELS GMB', 'Medizin', '3,88', 'EUR', '1,0000', '3,88', '1', '0']
2020-12-25 09:43:43,642  - INFO - Geschrieben Reihe 10: 21.12.2020 MUELLER MH HANDELS GMB 3,88
2020-12-25 09:43:43,642  - INFO - Gelesen Reihe: 11 : ['*3011', '19.12.2020', '20.12.2020', 'Lidl Vertriebs GmbH & Co.', 'Lebensmittelgeschäfte', '56,73', 'EUR', '1,0000', '56,73', '28', '0']
2020-12-25 09:43:43,642  - INFO - Geschrieben Reihe 11: 20.12.2020 Lidl Vertriebs GmbH & Co. 56,73
2020-12-25 09:43:43,642  - INFO - Gelesen Reihe: 12 : ['*3011', '18.12.2020', '19.12.2020', 'Audible Gmbh*MS4R232T4', 'Shopping', '9,95', 'EUR', '1,0000', '9,95', '4', '0']
2020-12-25 09:43:43,642  - INFO - Geschrieben Reihe 12: 19.12.2020 Audible Gmbh*MS4R232T4 9,95
2020-12-25 09:43:43,643  - INFO - Gelesen Reihe: 13 : ['*3011', '17.12.2020', '18.12.2020', 'AMAZON.DE AMAZON.DE', 'Shopping', '27,95', 'EUR', '1,0000', '27,95', '54', '27']
2020-12-25 09:43:43,643  - INFO - Geschrieben Reihe 13: 18.12.2020 AMAZON.DE AMAZON.DE 27,95
2020-12-25 09:43:43,643  - INFO - Gelesen Reihe: 14 : ['*3011', '16.12.2020', '18.12.2020', 'KAUFLAND INGOLSTADT 1323', 'Lebensmittelgeschäfte', '10,86', 'EUR', '1,0000', '10,86', '5', '0']
2020-12-25 09:43:43,643  - INFO - Geschrieben Reihe 14: 18.12.2020 KAUFLAND INGOLSTADT 1323 10,86
2020-12-25 09:43:43,644  - INFO - Gelesen Reihe: 15 : ['*3011', '16.12.2020', '17.12.2020', 'AMZN Mktp DE*MS8KS6HC4', 'Shopping', '79,99', 'EUR', '1,0000', '79,99', '158', '79']
2020-12-25 09:43:43,644  - INFO - Geschrieben Reihe 15: 17.12.2020 AMZN Mktp DE*MS8KS6HC4 79,99
2020-12-25 09:43:43,644  - INFO - Gelesen Reihe: 16 : ['*3011', '15.12.2020', '', 'Amazon *Mktplce EU-DE', 'Shopping', '79,99', 'EUR', '1,0000', '79,99', '0', '0']
2020-12-25 09:43:43,644  - INFO - Gelesen Reihe: 17 : ['*3011', '15.12.2020', '', 'Amazon *Mktplce EU-DE', 'Shopping', '79,99', 'EUR', '1,0000', '79,99', '0', '0']
2020-12-25 09:43:43,644  - INFO - Gelesen Reihe: 18 : ['*3011', '15.12.2020', '', 'GOOGLE *TEMPORARY HOLD', 'Sachbezogene Dienstleistungen', '0,00', 'EUR', '0,0000', '0,00', '0', '0']
2020-12-25 09:43:43,645  - INFO - Gelesen Reihe: 19 : ['*3011', '14.12.2020', '', 'TANKSTELLE C + C', 'Tankstellen', '100,00', 'EUR', '1,0000', '100,00', '0', '0']
2020-12-25 09:43:43,645  - INFO - Gelesen Reihe: 20 : ['*3011', '14.12.2020', '16.12.2020', 'KAUFLAND INGOLSTADT 1323', 'Lebensmittelgeschäfte', '49,19', 'EUR', '1,0000', '49,19', '24', '0']
2020-12-25 09:43:43,645  - INFO - Geschrieben Reihe 20: 16.12.2020 KAUFLAND INGOLSTADT 1323 49,19
2020-12-25 09:43:43,645  - INFO - Gelesen Reihe: 21 : ['*3011', '14.12.2020', '15.12.2020', 'Media Markt TV-HiFi-Elekt', 'Shopping', '119,74', 'EUR', '1,0000', '-119,74', '-59', '0']
2020-12-25 09:43:43,646  - INFO - Geschrieben Reihe 21: 15.12.2020 Media Markt TV-HiFi-Elekt -119,74
2020-12-25 09:43:43,646  - INFO - Gelesen Reihe: 22 : ['*3011', '14.12.2020', '15.12.2020', 'AMZ*Amazon.de', 'Shopping', '129,00', 'EUR', '1,0000', '-129,00', '-258', '-129']
2020-12-25 09:43:43,646  - INFO - Geschrieben Reihe 22: 15.12.2020 AMZ*Amazon.de -129,00
2020-12-25 09:43:43,646  - INFO - Gelesen Reihe: 23 : ['*3011', '14.12.2020', '15.12.2020', 'Tankstelle C + C', 'Tankstellen', '38,38', 'EUR', '1,0000', '38,38', '19', '0']
2020-12-25 09:43:43,646  - INFO - Geschrieben Reihe 23: 15.12.2020 Tankstelle C + C 38,38
2020-12-25 09:43:43,647  - INFO - Gelesen Reihe: 24 : ['*3011', '13.12.2020', '15.12.2020', 'PAYPAL *KLARSTEIN', 'Shopping', '29,49', 'EUR', '1,0000', '29,49', '14', '0']
2020-12-25 09:43:43,647  - INFO - Geschrieben Reihe 24: 15.12.2020 PAYPAL *KLARSTEIN 29,49
2020-12-25 09:43:43,647  - INFO - Gelesen Reihe: 25 : ['*3011', '12.12.2020', '14.12.2020', 'PAYPAL *ZOOLANDMARE', 'Shopping', '32,40', 'EUR', '1,0000', '32,40', '16', '0']
2020-12-25 09:43:43,647  - INFO - Geschrieben Reihe 25: 14.12.2020 PAYPAL *ZOOLANDMARE 32,40
2020-12-25 09:43:43,647  - INFO - Gelesen Reihe: 26 : ['*3011', '10.12.2020', '11.12.2020', 'FRISTO GETRAENKEMARKT 121', 'Shopping', '22,53', 'EUR', '1,0000', '22,53', '11', '0']
2020-12-25 09:43:43,648  - INFO - Geschrieben Reihe 26: 11.12.2020 FRISTO GETRAENKEMARKT 121 22,53
2020-12-25 09:43:43,648  - INFO - Gelesen Reihe: 27 : ['*3011', '10.12.2020', '11.12.2020', 'AMZN Mktp DE*MS3884NI4', 'Shopping', '14,50', 'EUR', '1,0000', '14,50', '28', '14']
2020-12-25 09:43:43,648  - INFO - Geschrieben Reihe 27: 11.12.2020 AMZN Mktp DE*MS3884NI4 14,50
2020-12-25 09:43:43,648  - INFO - Gelesen Reihe: 28 : ['*3011', '09.12.2020', '10.12.2020', 'EDEKA WEISSINGER', 'Lebensmittelgeschäfte', '5,46', 'EUR', '1,0000', '5,46', '2', '0']
2020-12-25 09:43:43,648  - INFO - Geschrieben Reihe 28: 10.12.2020 EDEKA WEISSINGER 5,46
2020-12-25 09:43:43,649  - INFO - Gelesen Reihe: 29 : ['*3011', '09.12.2020', '10.12.2020', 'EDEKA WEISSINGER', 'Lebensmittelgeschäfte', '23,49', 'EUR', '1,0000', '23,49', '11', '0']
2020-12-25 09:43:43,649  - INFO - Geschrieben Reihe 29: 10.12.2020 EDEKA WEISSINGER 23,49
2020-12-25 09:43:43,649  - INFO - Gelesen Reihe: 30 : ['*3011', '09.12.2020', '10.12.2020', 'ALDI SUED', 'Lebensmittelgeschäfte', '10,49', 'EUR', '1,0000', '10,49', '5', '0']
2020-12-25 09:43:43,649  - INFO - Geschrieben Reihe 30: 10.12.2020 ALDI SUED 10,49
2020-12-25 09:43:43,650  - INFO - Gelesen Reihe: 31 : ['*3011', '08.12.2020', '09.12.2020', 'GOOGLE *Google Play Ap', 'Sonstiges', '1,19', 'EUR', '1,0000', '1,19', '0', '0']
2020-12-25 09:43:43,650  - INFO - Geschrieben Reihe 31: 09.12.2020 GOOGLE *Google Play Ap 1,19
2020-12-25 09:43:43,650  - INFO - Gelesen Reihe: 32 : ['*3011', '07.12.2020', '08.12.2020', 'FENEBERG XL SO 9020', 'Lebensmittelgeschäfte', '62,14', 'EUR', '1,0000', '62,14', '31', '0']
2020-12-25 09:43:43,650  - INFO - Geschrieben Reihe 32: 08.12.2020 FENEBERG XL SO 9020 62,14
2020-12-25 09:43:43,650  - INFO - Gelesen Reihe: 33 : ['*3011', '06.12.2020', '07.12.2020', 'Kindle Svcs*MY78W4RA4', 'Shopping', '4,99', 'EUR', '1,0000', '4,99', '8', '4']
2020-12-25 09:43:43,651  - INFO - Geschrieben Reihe 33: 07.12.2020 Kindle Svcs*MY78W4RA4 4,99
2020-12-25 09:43:43,651  - INFO - Gelesen Reihe: 34 : ['*3011', '05.12.2020', '07.12.2020', 'MUELLER GMBH & CO.KG', 'Medizin', '9,53', 'EUR', '1,0000', '9,53', '4', '0']
2020-12-25 09:43:43,651  - INFO - Geschrieben Reihe 34: 07.12.2020 MUELLER GMBH & CO.KG 9,53
2020-12-25 09:43:43,651  - INFO - Gelesen Reihe: 35 : ['*3011', '04.12.2020', '05.12.2020', 'BACKHAUS HACKNER', 'Shopping', '7,35', 'EUR', '1,0000', '7,35', '3', '0']
2020-12-25 09:43:43,652  - INFO - Geschrieben Reihe 35: 05.12.2020 BACKHAUS HACKNER 7,35
2020-12-25 09:43:43,652  - INFO - Gelesen Reihe: 36 : ['*3011', '04.12.2020', '05.12.2020', 'ALDI SUED', 'Lebensmittelgeschäfte', '14,05', 'EUR', '1,0000', '14,05', '7', '0']
2020-12-25 09:43:43,652  - INFO - Geschrieben Reihe 36: 05.12.2020 ALDI SUED 14,05
2020-12-25 09:43:43,652  - INFO - Gelesen Reihe: 37 : ['*3011', '04.12.2020', '05.12.2020', 'Media Markt TV-HiFi-Elekt', 'Shopping', '119,74', 'EUR', '1,0000', '119,74', '59', '0']
2020-12-25 09:43:43,652  - INFO - Geschrieben Reihe 37: 05.12.2020 Media Markt TV-HiFi-Elekt 119,74
2020-12-25 09:43:43,652  - INFO - Gelesen Reihe: 38 : ['*3011', '03.12.2020', '', 'Amazon *Mktplce EU-DE', 'Shopping', '109,90', 'EUR', '1,0000', '109,90', '0', '0']
2020-12-25 09:43:43,653  - INFO - Gelesen Reihe: 39 : ['*3011', '01.12.2020', '02.12.2020', 'ALDI SUED', 'Lebensmittelgeschäfte', '4,39', 'EUR', '1,0000', '4,39', '2', '0']
2020-12-25 09:43:43,653  - INFO - Geschrieben Reihe 39: 02.12.2020 ALDI SUED 4,39
2020-12-25 09:43:43,653  - INFO - CSV geschrieben in Datei : /home/ich/Dokumente/Git/learnPython/Visa_import/dst/20201225-094343-Importfile.csv
2020-12-25 09:43:43,653  - INFO - #######################################  ENDE #####################################################
